[35m[1mConsolidate compiler generated dependencies of target simple_controller[0m
[  0%] Built target ament_cmake_python_copy_bumperbot_controller
[ 50%] [32mBuilding CXX object CMakeFiles/simple_controller.dir/src/simple_controller.cpp.o[0m
running egg_info
writing bumperbot_controller.egg-info/PKG-INFO
writing dependency_links to bumperbot_controller.egg-info/dependency_links.txt
writing top-level names to bumperbot_controller.egg-info/top_level.txt
reading manifest file 'bumperbot_controller.egg-info/SOURCES.txt'
writing manifest file 'bumperbot_controller.egg-info/SOURCES.txt'
[ 50%] Built target ament_cmake_python_build_bumperbot_controller_egg
[01m[K/home/devam/bumperbot_ws/src/bumperbot_controller/src/simple_controller.cpp:[m[K In constructor â€˜[01m[KSimpleController::SimpleController(const string&)[m[Kâ€™:
[01m[K/home/devam/bumperbot_ws/src/bumperbot_controller/src/simple_controller.cpp:6:127:[m[K [01;31m[Kerror: [m[Kno matching function for call to â€˜[01m[Ktf2_ros::TransformBroadcaster::TransformBroadcaster()[m[Kâ€™
    6 | SimpleController::SimpleController(const std::string &name) : Node(name),left_prev_pose(0.0),right_prev_pose(0.0),x(0.0),y(0.0[01;31m[K)[m[K
      |                                                                                                                               [01;31m[K^[m[K
In file included from [01m[K/home/devam/bumperbot_ws/src/bumperbot_controller/include/bumperbot_controller/simple_controller.hpp:12[m[K,
                 from [01m[K/home/devam/bumperbot_ws/src/bumperbot_controller/src/simple_controller.cpp:1[m[K:
[01m[K/opt/ros/humble/include/tf2_ros/tf2_ros/transform_broadcaster.h:58:3:[m[K [01;36m[Knote: [m[Kcandidate: â€˜[01m[Ktemplate<class NodeT, class AllocatorT> tf2_ros::TransformBroadcaster::TransformBroadcaster(NodeT&&, const rclcpp::QoS&, const rclcpp::PublisherOptionsWithAllocator<AllocatorT>&)[m[Kâ€™
   58 |   [01;36m[KTransformBroadcaster[m[K(
      |   [01;36m[K^~~~~~~~~~~~~~~~~~~~[m[K
[01m[K/opt/ros/humble/include/tf2_ros/tf2_ros/transform_broadcaster.h:58:3:[m[K [01;36m[Knote: [m[K  template argument deduction/substitution failed:
[01m[K/home/devam/bumperbot_ws/src/bumperbot_controller/src/simple_controller.cpp:6:127:[m[K [01;36m[Knote: [m[K  candidate expects 3 arguments, 0 provided
    6 | SimpleController::SimpleController(const std::string &name) : Node(name),left_prev_pose(0.0),right_prev_pose(0.0),x(0.0),y(0.0[01;36m[K)[m[K
      |                                                                                                                               [01;36m[K^[m[K
In file included from [01m[K/home/devam/bumperbot_ws/src/bumperbot_controller/include/bumperbot_controller/simple_controller.hpp:12[m[K,
                 from [01m[K/home/devam/bumperbot_ws/src/bumperbot_controller/src/simple_controller.cpp:1[m[K:
[01m[K/opt/ros/humble/include/tf2_ros/tf2_ros/transform_broadcaster.h:53:7:[m[K [01;36m[Knote: [m[Kcandidate: â€˜[01m[Ktf2_ros::TransformBroadcaster::TransformBroadcaster(const tf2_ros::TransformBroadcaster&)[m[Kâ€™
   53 | class [01;36m[KTransformBroadcaster[m[K
      |       [01;36m[K^~~~~~~~~~~~~~~~~~~~[m[K
[01m[K/opt/ros/humble/include/tf2_ros/tf2_ros/transform_broadcaster.h:53:7:[m[K [01;36m[Knote: [m[K  candidate expects 1 argument, 0 provided
[01m[K/opt/ros/humble/include/tf2_ros/tf2_ros/transform_broadcaster.h:53:7:[m[K [01;36m[Knote: [m[Kcandidate: â€˜[01m[Ktf2_ros::TransformBroadcaster::TransformBroadcaster(tf2_ros::TransformBroadcaster&&)[m[Kâ€™
[01m[K/opt/ros/humble/include/tf2_ros/tf2_ros/transform_broadcaster.h:53:7:[m[K [01;36m[Knote: [m[K  candidate expects 1 argument, 0 provided
gmake[2]: *** [CMakeFiles/simple_controller.dir/build.make:76: CMakeFiles/simple_controller.dir/src/simple_controller.cpp.o] Error 1
gmake[1]: *** [CMakeFiles/Makefile2:192: CMakeFiles/simple_controller.dir/all] Error 2
gmake: *** [Makefile:146: all] Error 2
