[0.010s] Invoking command in '/home/devam/bumperbot_ws/build/bumperbot_cpp_examples': CMAKE_PREFIX_PATH=${CMAKE_PREFIX_PATH}:/home/devam/bumperbot_ws/install/bumperbot_py_examples:/opt/ros/humble /usr/bin/cmake --build /home/devam/bumperbot_ws/build/bumperbot_cpp_examples -- -j24 -l24
[0.039s] [35m[1mConsolidate compiler generated dependencies of target simple_publisher_cpp[0m
[0.050s] [ 50%] [32mBuilding CXX object CMakeFiles/simple_publisher_cpp.dir/src/simple_publisher.cpp.o[0m
[1.107s] [01m[K/home/devam/bumperbot_ws/src/bumperbot_cpp_examples/src/simple_publisher.cpp:32:5:[m[K [01;35m[Kwarning: [m[Ksecond argument of â€˜[01m[Kint main(int, char*)[m[Kâ€™ should be â€˜[01m[Kchar **[m[Kâ€™ [[01;35m[K]8;;https://gcc.gnu.org/onlinedocs/gcc/Warning-Options.html#index-Wmain-Wmain]8;;[m[K]
[1.107s]    32 | int [01;35m[Kmain[m[K(int argc, char* argv)
[1.107s]       |     [01;35m[K^~~~[m[K
[1.107s] [01m[K/home/devam/bumperbot_ws/src/bumperbot_cpp_examples/src/simple_publisher.cpp:[m[K In function â€˜[01m[Kint main(int, char*)[m[Kâ€™:
[1.107s] [01m[K/home/devam/bumperbot_ws/src/bumperbot_cpp_examples/src/simple_publisher.cpp:34:23:[m[K [01;31m[Kerror: [m[Kcannot convert â€˜[01m[Kchar*[m[Kâ€™ to â€˜[01m[Kconst char* const*[m[Kâ€™
[1.107s]    34 |     rclcpp::init(argc,[01;31m[Kargv[m[K);
[1.107s]       |                       [01;31m[K^~~~[m[K
[1.107s]       |                       [01;31m[K|[m[K
[1.107s]       |                       [01;31m[Kchar*[m[K
[1.107s] In file included from [01m[K/opt/ros/humble/include/rclcpp/rclcpp/logging.hpp:25[m[K,
[1.107s]                  from [01m[K/opt/ros/humble/include/rclcpp/rclcpp/client.hpp:40[m[K,
[1.107s]                  from [01m[K/opt/ros/humble/include/rclcpp/rclcpp/callback_group.hpp:24[m[K,
[1.107s]                  from [01m[K/opt/ros/humble/include/rclcpp/rclcpp/any_executable.hpp:20[m[K,
[1.107s]                  from [01m[K/opt/ros/humble/include/rclcpp/rclcpp/memory_strategy.hpp:25[m[K,
[1.107s]                  from [01m[K/opt/ros/humble/include/rclcpp/rclcpp/memory_strategies.hpp:18[m[K,
[1.108s]                  from [01m[K/opt/ros/humble/include/rclcpp/rclcpp/executor_options.hpp:20[m[K,
[1.108s]                  from [01m[K/opt/ros/humble/include/rclcpp/rclcpp/executor.hpp:37[m[K,
[1.108s]                  from [01m[K/opt/ros/humble/include/rclcpp/rclcpp/executors/multi_threaded_executor.hpp:25[m[K,
[1.108s]                  from [01m[K/opt/ros/humble/include/rclcpp/rclcpp/executors.hpp:21[m[K,
[1.108s]                  from [01m[K/opt/ros/humble/include/rclcpp/rclcpp/rclcpp.hpp:155[m[K,
[1.108s]                  from [01m[K/home/devam/bumperbot_ws/src/bumperbot_cpp_examples/src/simple_publisher.cpp:1[m[K:
[1.108s] [01m[K/opt/ros/humble/include/rclcpp/rclcpp/utilities.hpp:77:24:[m[K [01;36m[Knote: [m[K  initializing argument 2 of â€˜[01m[Kvoid rclcpp::init(int, const char* const*, const rclcpp::InitOptions&, rclcpp::SignalHandlerOptions)[m[Kâ€™
[1.108s]    77 |   [01;36m[Kchar const * const * argv[m[K,
[1.108s]       |   [01;36m[K~~~~~~~~~~~~~~~~~~~~~^~~~[m[K
[1.491s] gmake[2]: *** [CMakeFiles/simple_publisher_cpp.dir/build.make:76: CMakeFiles/simple_publisher_cpp.dir/src/simple_publisher.cpp.o] Error 1
[1.491s] gmake[1]: *** [CMakeFiles/Makefile2:137: CMakeFiles/simple_publisher_cpp.dir/all] Error 2
[1.491s] gmake: *** [Makefile:146: all] Error 2
[1.493s] Invoked command in '/home/devam/bumperbot_ws/build/bumperbot_cpp_examples' returned '2': CMAKE_PREFIX_PATH=${CMAKE_PREFIX_PATH}:/home/devam/bumperbot_ws/install/bumperbot_py_examples:/opt/ros/humble /usr/bin/cmake --build /home/devam/bumperbot_ws/build/bumperbot_cpp_examples -- -j24 -l24
