[0.007s] Invoking command in '/home/devam/bumperbot_ws/build/bumperbot_cpp_examples': CMAKE_PREFIX_PATH=${CMAKE_PREFIX_PATH}:/home/devam/bumperbot_ws/install/bumperbot_py_examples:/opt/ros/humble /usr/bin/cmake --build /home/devam/bumperbot_ws/build/bumperbot_cpp_examples -- -j24 -l24
[0.037s] [35m[1mConsolidate compiler generated dependencies of target twist_pubsub_cpp[0m
[0.045s] [ 25%] Built target twist_publisher_cpp
[0.049s] [ 75%] [32mBuilding CXX object CMakeFiles/twist_pubsub_cpp.dir/src/twist_pub_sub.cpp.o[0m
[0.049s] [ 75%] Built target simple_subscriber_cpp
[0.049s] [ 87%] Built target simple_publisher_cpp
[1.310s] [01m[K/home/devam/bumperbot_ws/src/bumperbot_cpp_examples/src/twist_pub_sub.cpp:10:9:[m[K [01;31m[Kerror: [m[Kâ€˜[01m[Kpub[m[Kâ€™ does not name a type
[1.310s]    10 |         [01;31m[Kpub[m[K = create_publisher<geometry_msgs::msg::Twist>("cmd_vel1",10);
[1.310s]       |         [01;31m[K^~~[m[K
[1.310s] [01m[K/home/devam/bumperbot_ws/src/bumperbot_cpp_examples/src/twist_pub_sub.cpp:11:9:[m[K [01;31m[Kerror: [m[Kâ€˜[01m[Ksub[m[Kâ€™ does not name a type
[1.310s]    11 |         [01;31m[Ksub[m[K = create_subscription<geometry_msgs::msg::Twist>("cmd_vel",10,std::bind(&Twistpubsub::twistCB,this,_1));
[1.310s]       |         [01;31m[K^~~[m[K
[1.559s] In file included from [01m[K/usr/include/x86_64-linux-gnu/c++/11/bits/c++allocator.h:33[m[K,
[1.559s]                  from [01m[K/usr/include/c++/11/bits/allocator.h:46[m[K,
[1.559s]                  from [01m[K/usr/include/c++/11/memory:64[m[K,
[1.559s]                  from [01m[K/opt/ros/humble/include/rclcpp/rclcpp/rclcpp.hpp:153[m[K,
[1.559s]                  from [01m[K/home/devam/bumperbot_ws/src/bumperbot_cpp_examples/src/twist_pub_sub.cpp:1[m[K:
[1.559s] /usr/include/c++/11/ext/new_allocator.h: In instantiation of â€˜[01m[Kvoid __gnu_cxx::new_allocator<_Tp>::construct(_Up*, _Args&& ...) [with _Up = Twistpubsub; _Args = {}; _Tp = Twistpubsub][m[Kâ€™:
[1.559s] [01m[K/usr/include/c++/11/bits/alloc_traits.h:516:17:[m[K   required from â€˜[01m[Kstatic void std::allocator_traits<std::allocator<_Tp1> >::construct(std::allocator_traits<std::allocator<_Tp1> >::allocator_type&, _Up*, _Args&& ...) [with _Up = Twistpubsub; _Args = {}; _Tp = Twistpubsub; std::allocator_traits<std::allocator<_Tp1> >::allocator_type = std::allocator<Twistpubsub>][m[Kâ€™
[1.559s] [01m[K/usr/include/c++/11/bits/shared_ptr_base.h:519:39:[m[K   required from â€˜[01m[Kstd::_Sp_counted_ptr_inplace<_Tp, _Alloc, _Lp>::_Sp_counted_ptr_inplace(_Alloc, _Args&& ...) [with _Args = {}; _Tp = Twistpubsub; _Alloc = std::allocator<Twistpubsub>; __gnu_cxx::_Lock_policy _Lp = __gnu_cxx::_S_atomic][m[Kâ€™
[1.560s] [01m[K/usr/include/c++/11/bits/shared_ptr_base.h:650:16:[m[K   required from â€˜[01m[Kstd::__shared_count<_Lp>::__shared_count(_Tp*&, std::_Sp_alloc_shared_tag<_Alloc>, _Args&& ...) [with _Tp = Twistpubsub; _Alloc = std::allocator<Twistpubsub>; _Args = {}; __gnu_cxx::_Lock_policy _Lp = __gnu_cxx::_S_atomic][m[Kâ€™
[1.560s] [01m[K/usr/include/c++/11/bits/shared_ptr_base.h:1342:14:[m[K   required from â€˜[01m[Kstd::__shared_ptr<_Tp, _Lp>::__shared_ptr(std::_Sp_alloc_shared_tag<_Tp>, _Args&& ...) [with _Alloc = std::allocator<Twistpubsub>; _Args = {}; _Tp = Twistpubsub; __gnu_cxx::_Lock_policy _Lp = __gnu_cxx::_S_atomic][m[Kâ€™
[1.560s] [01m[K/usr/include/c++/11/bits/shared_ptr.h:409:59:[m[K   required from â€˜[01m[Kstd::shared_ptr<_Tp>::shared_ptr(std::_Sp_alloc_shared_tag<_Tp>, _Args&& ...) [with _Alloc = std::allocator<Twistpubsub>; _Args = {}; _Tp = Twistpubsub][m[Kâ€™
[1.560s] [01m[K/usr/include/c++/11/bits/shared_ptr.h:862:14:[m[K   required from â€˜[01m[Kstd::shared_ptr<_Tp> std::allocate_shared(const _Alloc&, _Args&& ...) [with _Tp = Twistpubsub; _Alloc = std::allocator<Twistpubsub>; _Args = {}][m[Kâ€™
[1.560s] [01m[K/usr/include/c++/11/bits/shared_ptr.h:878:39:[m[K   required from â€˜[01m[Kstd::shared_ptr<_Tp> std::make_shared(_Args&& ...) [with _Tp = Twistpubsub; _Args = {}][m[Kâ€™
[1.560s] [01m[K/home/devam/bumperbot_ws/src/bumperbot_cpp_examples/src/twist_pub_sub.cpp:32:46:[m[K   required from here
[1.560s] [01m[K/usr/include/c++/11/ext/new_allocator.h:162:11:[m[K [01;31m[Kerror: [m[Kuse of deleted function â€˜[01m[KTwistpubsub::Twistpubsub()[m[Kâ€™
[1.560s]   162 |         { [01;31m[K::new((void *)__p) _Up(std::forward<_Args>(__args)...)[m[K; }
[1.560s]       |           [01;31m[K^~~~~~~~~~~~~~~~~~~~~~~~~~~~~~~~~~~~~~~~~~~~~~~~~~~~~~[m[K
[1.560s] [01m[K/home/devam/bumperbot_ws/src/bumperbot_cpp_examples/src/twist_pub_sub.cpp:7:7:[m[K [01;36m[Knote: [m[Kâ€˜[01m[KTwistpubsub::Twistpubsub()[m[Kâ€™ is implicitly deleted because the default definition would be ill-formed:
[1.560s]     7 | class [01;36m[KTwistpubsub[m[K : public rclcpp::Node
[1.560s]       |       [01;36m[K^~~~~~~~~~~[m[K
[1.560s] [01m[K/home/devam/bumperbot_ws/src/bumperbot_cpp_examples/src/twist_pub_sub.cpp:7:7:[m[K [01;31m[Kerror: [m[Kno matching function for call to â€˜[01m[Krclcpp::Node::Node()[m[Kâ€™
[1.560s] In file included from [01m[K/opt/ros/humble/include/rclcpp/rclcpp/executors/single_threaded_executor.hpp:28[m[K,
[1.560s]                  from [01m[K/opt/ros/humble/include/rclcpp/rclcpp/executors.hpp:22[m[K,
[1.560s]                  from [01m[K/opt/ros/humble/include/rclcpp/rclcpp/rclcpp.hpp:155[m[K,
[1.560s]                  from [01m[K/home/devam/bumperbot_ws/src/bumperbot_cpp_examples/src/twist_pub_sub.cpp:1[m[K:
[1.560s] [01m[K/opt/ros/humble/include/rclcpp/rclcpp/node.hpp:1294:3:[m[K [01;36m[Knote: [m[Kcandidate: â€˜[01m[Krclcpp::Node::Node(const rclcpp::Node&, const string&)[m[Kâ€™
[1.560s]  1294 |   [01;36m[KNode[m[K(
[1.560s]       |   [01;36m[K^~~~[m[K
[1.560s] [01m[K/opt/ros/humble/include/rclcpp/rclcpp/node.hpp:1294:3:[m[K [01;36m[Knote: [m[K  candidate expects 2 arguments, 0 provided
[1.560s] [01m[K/opt/ros/humble/include/rclcpp/rclcpp/node.hpp:101:12:[m[K [01;36m[Knote: [m[Kcandidate: â€˜[01m[Krclcpp::Node::Node(const string&, const string&, const rclcpp::NodeOptions&)[m[Kâ€™
[1.560s]   101 |   explicit [01;36m[KNode[m[K(
[1.560s]       |            [01;36m[K^~~~[m[K
[1.560s] [01m[K/opt/ros/humble/include/rclcpp/rclcpp/node.hpp:101:12:[m[K [01;36m[Knote: [m[K  candidate expects 3 arguments, 0 provided
[1.560s] [01m[K/opt/ros/humble/include/rclcpp/rclcpp/node.hpp:89:12:[m[K [01;36m[Knote: [m[Kcandidate: â€˜[01m[Krclcpp::Node::Node(const string&, const rclcpp::NodeOptions&)[m[Kâ€™
[1.560s]    89 |   explicit [01;36m[KNode[m[K(
[1.560s]       |            [01;36m[K^~~~[m[K
[1.560s] [01m[K/opt/ros/humble/include/rclcpp/rclcpp/node.hpp:89:12:[m[K [01;36m[Knote: [m[K  candidate expects 2 arguments, 0 provided
[1.609s] gmake[2]: *** [CMakeFiles/twist_pubsub_cpp.dir/build.make:76: CMakeFiles/twist_pubsub_cpp.dir/src/twist_pub_sub.cpp.o] Error 1
[1.609s] gmake[1]: *** [CMakeFiles/Makefile2:221: CMakeFiles/twist_pubsub_cpp.dir/all] Error 2
[1.609s] gmake: *** [Makefile:146: all] Error 2
[1.612s] Invoked command in '/home/devam/bumperbot_ws/build/bumperbot_cpp_examples' returned '2': CMAKE_PREFIX_PATH=${CMAKE_PREFIX_PATH}:/home/devam/bumperbot_ws/install/bumperbot_py_examples:/opt/ros/humble /usr/bin/cmake --build /home/devam/bumperbot_ws/build/bumperbot_cpp_examples -- -j24 -l24
