In file included from [01m[K/home/devam/bumperbot_ws/src/bumperbot_controller/src/noisy_controller.cpp:1[m[K:
[01m[K/home/devam/bumperbot_ws/src/bumperbot_controller/include/bumperbot_controller/noisy_controller.hpp:19:46:[m[K [01;31m[Kerror: [m[Kâ€˜[01m[KTwistStamped[m[Kâ€™ in namespace â€˜[01m[Kgeometry_msgs::msg[m[Kâ€™ does not name a type
   19 |         void velCb(const geometry_msgs::msg::[01;31m[KTwistStamped[m[K &msg);
      |                                              [01;31m[K^~~~~~~~~~~~[m[K
In file included from [01m[K/opt/ros/humble/include/rclcpp/rclcpp/client.hpp:40[m[K,
                 from [01m[K/opt/ros/humble/include/rclcpp/rclcpp/callback_group.hpp:24[m[K,
                 from [01m[K/opt/ros/humble/include/rclcpp/rclcpp/any_executable.hpp:20[m[K,
                 from [01m[K/opt/ros/humble/include/rclcpp/rclcpp/memory_strategy.hpp:25[m[K,
                 from [01m[K/opt/ros/humble/include/rclcpp/rclcpp/memory_strategies.hpp:18[m[K,
                 from [01m[K/opt/ros/humble/include/rclcpp/rclcpp/executor_options.hpp:20[m[K,
                 from [01m[K/opt/ros/humble/include/rclcpp/rclcpp/executor.hpp:37[m[K,
                 from [01m[K/opt/ros/humble/include/rclcpp/rclcpp/executors/multi_threaded_executor.hpp:25[m[K,
                 from [01m[K/opt/ros/humble/include/rclcpp/rclcpp/executors.hpp:21[m[K,
                 from [01m[K/opt/ros/humble/include/rclcpp/rclcpp/rclcpp.hpp:155[m[K,
                 from [01m[K/home/devam/bumperbot_ws/src/bumperbot_controller/include/bumperbot_controller/noisy_controller.hpp:4[m[K,
                 from [01m[K/home/devam/bumperbot_ws/src/bumperbot_controller/src/noisy_controller.cpp:1[m[K:
[01m[K/home/devam/bumperbot_ws/src/bumperbot_controller/src/noisy_controller.cpp:[m[K In member function â€˜[01m[Kvoid NoisyController::jointCb(const JointState&)[m[Kâ€™:
[01m[K/home/devam/bumperbot_ws/src/bumperbot_controller/src/noisy_controller.cpp:49:49:[m[K [01;31m[Kerror: [m[Kâ€˜[01m[Klinear[m[Kâ€™ was not declared in this scope; did you mean â€˜[01m[Klinkat[m[Kâ€™?
   49 |     RCLCPP_INFO_STREAM(get_logger(), "linear:"<<[01;31m[Klinear[m[K<<" angular:"<<angular);
      |                                                 [01;31m[K^~~~~~[m[K
[01m[K/home/devam/bumperbot_ws/src/bumperbot_controller/src/noisy_controller.cpp:49:70:[m[K [01;31m[Kerror: [m[Kâ€˜[01m[Kangular[m[Kâ€™ was not declared in this scope
   49 |     RCLCPP_INFO_STREAM(get_logger(), "linear:"<<linear<<" angular:"<<[01;31m[Kangular[m[K);
      |                                                                      [01;31m[K^~~~~~~[m[K
[01m[K/home/devam/bumperbot_ws/src/bumperbot_controller/src/noisy_controller.cpp:51:14:[m[K [01;31m[Kerror: [m[Kâ€˜[01m[Kangular[m[Kâ€™ was not declared in this scope
   51 |     theta += [01;31m[Kangular[m[K*dt.seconds();
      |              [01;31m[K^~~~~~~[m[K
[01m[K/home/devam/bumperbot_ws/src/bumperbot_controller/src/noisy_controller.cpp:52:10:[m[K [01;31m[Kerror: [m[Kâ€˜[01m[Klinear[m[Kâ€™ was not declared in this scope; did you mean â€˜[01m[Klinkat[m[Kâ€™?
   52 |     x += [01;31m[Klinear[m[K*dt.seconds()*cos(theta);
      |          [01;31m[K^~~~~~[m[K
      |          [32m[Klinkat[m[K
[01m[K/home/devam/bumperbot_ws/src/bumperbot_controller/src/noisy_controller.cpp:46:12:[m[K [01;35m[Kwarning: [m[Kunused variable â€˜[01m[Kfl[m[Kâ€™ [[01;35m[K]8;;https://gcc.gnu.org/onlinedocs/gcc/Warning-Options.html#index-Wunused-variable-Wunused-variable]8;;[m[K]
   46 |     double [01;35m[Kfl[m[K = dp_left/dt.seconds();
      |            [01;35m[K^~[m[K
[01m[K/home/devam/bumperbot_ws/src/bumperbot_controller/src/noisy_controller.cpp:47:12:[m[K [01;35m[Kwarning: [m[Kunused variable â€˜[01m[Kfr[m[Kâ€™ [[01;35m[K]8;;https://gcc.gnu.org/onlinedocs/gcc/Warning-Options.html#index-Wunused-variable-Wunused-variable]8;;[m[K]
   47 |     double [01;35m[Kfr[m[K = dp_right/dt.seconds();
      |            [01;35m[K^~[m[K
gmake[2]: *** [CMakeFiles/noisy_controller.dir/build.make:76: CMakeFiles/noisy_controller.dir/src/noisy_controller.cpp.o] Error 1
gmake[1]: *** [CMakeFiles/Makefile2:220: CMakeFiles/noisy_controller.dir/all] Error 2
gmake: *** [Makefile:146: all] Error 2
