[0.015s] Invoking command in '/home/devam/bumperbot_ws/build/bumperbot_controller': CMAKE_PREFIX_PATH=${CMAKE_PREFIX_PATH}:/home/devam/bumperbot_ws/install/bumperbot_py_examples:/opt/ros/humble /usr/bin/cmake --build /home/devam/bumperbot_ws/build/bumperbot_controller -- -j24 -l24
[0.043s] [35m[1mConsolidate compiler generated dependencies of target noisy_controller[0m
[0.050s] [ 50%] Built target simple_controller
[0.051s] [ 50%] Built target ament_cmake_python_copy_bumperbot_controller
[0.058s] [ 75%] [32mBuilding CXX object CMakeFiles/noisy_controller.dir/src/noisy_controller.cpp.o[0m
[0.245s] running egg_info
[0.255s] writing bumperbot_controller.egg-info/PKG-INFO
[0.255s] writing dependency_links to bumperbot_controller.egg-info/dependency_links.txt
[0.255s] writing top-level names to bumperbot_controller.egg-info/top_level.txt
[0.286s] reading manifest file 'bumperbot_controller.egg-info/SOURCES.txt'
[0.287s] writing manifest file 'bumperbot_controller.egg-info/SOURCES.txt'
[0.317s] [ 75%] Built target ament_cmake_python_build_bumperbot_controller_egg
[1.318s] In file included from [01m[K/home/devam/bumperbot_ws/src/bumperbot_controller/src/noisy_controller.cpp:1[m[K:
[1.318s] [01m[K/home/devam/bumperbot_ws/src/bumperbot_controller/include/bumperbot_controller/noisy_controller.hpp:19:46:[m[K [01;31m[Kerror: [m[Kâ€˜[01m[KTwistStamped[m[Kâ€™ in namespace â€˜[01m[Kgeometry_msgs::msg[m[Kâ€™ does not name a type
[1.318s]    19 |         void velCb(const geometry_msgs::msg::[01;31m[KTwistStamped[m[K &msg);
[1.318s]       |                                              [01;31m[K^~~~~~~~~~~~[m[K
[1.357s] In file included from [01m[K/opt/ros/humble/include/rclcpp/rclcpp/client.hpp:40[m[K,
[1.357s]                  from [01m[K/opt/ros/humble/include/rclcpp/rclcpp/callback_group.hpp:24[m[K,
[1.357s]                  from [01m[K/opt/ros/humble/include/rclcpp/rclcpp/any_executable.hpp:20[m[K,
[1.357s]                  from [01m[K/opt/ros/humble/include/rclcpp/rclcpp/memory_strategy.hpp:25[m[K,
[1.357s]                  from [01m[K/opt/ros/humble/include/rclcpp/rclcpp/memory_strategies.hpp:18[m[K,
[1.357s]                  from [01m[K/opt/ros/humble/include/rclcpp/rclcpp/executor_options.hpp:20[m[K,
[1.357s]                  from [01m[K/opt/ros/humble/include/rclcpp/rclcpp/executor.hpp:37[m[K,
[1.357s]                  from [01m[K/opt/ros/humble/include/rclcpp/rclcpp/executors/multi_threaded_executor.hpp:25[m[K,
[1.357s]                  from [01m[K/opt/ros/humble/include/rclcpp/rclcpp/executors.hpp:21[m[K,
[1.357s]                  from [01m[K/opt/ros/humble/include/rclcpp/rclcpp/rclcpp.hpp:155[m[K,
[1.357s]                  from [01m[K/home/devam/bumperbot_ws/src/bumperbot_controller/include/bumperbot_controller/noisy_controller.hpp:4[m[K,
[1.357s]                  from [01m[K/home/devam/bumperbot_ws/src/bumperbot_controller/src/noisy_controller.cpp:1[m[K:
[1.357s] [01m[K/home/devam/bumperbot_ws/src/bumperbot_controller/src/noisy_controller.cpp:[m[K In member function â€˜[01m[Kvoid NoisyController::jointCb(const JointState&)[m[Kâ€™:
[1.357s] [01m[K/home/devam/bumperbot_ws/src/bumperbot_controller/src/noisy_controller.cpp:49:49:[m[K [01;31m[Kerror: [m[Kâ€˜[01m[Klinear[m[Kâ€™ was not declared in this scope; did you mean â€˜[01m[Klinkat[m[Kâ€™?
[1.357s]    49 |     RCLCPP_INFO_STREAM(get_logger(), "linear:"<<[01;31m[Klinear[m[K<<" angular:"<<angular);
[1.357s]       |                                                 [01;31m[K^~~~~~[m[K
[1.361s] [01m[K/home/devam/bumperbot_ws/src/bumperbot_controller/src/noisy_controller.cpp:49:70:[m[K [01;31m[Kerror: [m[Kâ€˜[01m[Kangular[m[Kâ€™ was not declared in this scope
[1.361s]    49 |     RCLCPP_INFO_STREAM(get_logger(), "linear:"<<linear<<" angular:"<<[01;31m[Kangular[m[K);
[1.361s]       |                                                                      [01;31m[K^~~~~~~[m[K
[1.365s] [01m[K/home/devam/bumperbot_ws/src/bumperbot_controller/src/noisy_controller.cpp:51:14:[m[K [01;31m[Kerror: [m[Kâ€˜[01m[Kangular[m[Kâ€™ was not declared in this scope
[1.365s]    51 |     theta += [01;31m[Kangular[m[K*dt.seconds();
[1.365s]       |              [01;31m[K^~~~~~~[m[K
[1.368s] [01m[K/home/devam/bumperbot_ws/src/bumperbot_controller/src/noisy_controller.cpp:52:10:[m[K [01;31m[Kerror: [m[Kâ€˜[01m[Klinear[m[Kâ€™ was not declared in this scope; did you mean â€˜[01m[Klinkat[m[Kâ€™?
[1.368s]    52 |     x += [01;31m[Klinear[m[K*dt.seconds()*cos(theta);
[1.368s]       |          [01;31m[K^~~~~~[m[K
[1.368s]       |          [32m[Klinkat[m[K
[1.369s] [01m[K/home/devam/bumperbot_ws/src/bumperbot_controller/src/noisy_controller.cpp:46:12:[m[K [01;35m[Kwarning: [m[Kunused variable â€˜[01m[Kfl[m[Kâ€™ [[01;35m[K]8;;https://gcc.gnu.org/onlinedocs/gcc/Warning-Options.html#index-Wunused-variable-Wunused-variable]8;;[m[K]
[1.369s]    46 |     double [01;35m[Kfl[m[K = dp_left/dt.seconds();
[1.369s]       |            [01;35m[K^~[m[K
[1.369s] [01m[K/home/devam/bumperbot_ws/src/bumperbot_controller/src/noisy_controller.cpp:47:12:[m[K [01;35m[Kwarning: [m[Kunused variable â€˜[01m[Kfr[m[Kâ€™ [[01;35m[K]8;;https://gcc.gnu.org/onlinedocs/gcc/Warning-Options.html#index-Wunused-variable-Wunused-variable]8;;[m[K]
[1.369s]    47 |     double [01;35m[Kfr[m[K = dp_right/dt.seconds();
[1.369s]       |            [01;35m[K^~[m[K
[2.746s] gmake[2]: *** [CMakeFiles/noisy_controller.dir/build.make:76: CMakeFiles/noisy_controller.dir/src/noisy_controller.cpp.o] Error 1
[2.746s] gmake[1]: *** [CMakeFiles/Makefile2:220: CMakeFiles/noisy_controller.dir/all] Error 2
[2.747s] gmake: *** [Makefile:146: all] Error 2
[2.749s] Invoked command in '/home/devam/bumperbot_ws/build/bumperbot_controller' returned '2': CMAKE_PREFIX_PATH=${CMAKE_PREFIX_PATH}:/home/devam/bumperbot_ws/install/bumperbot_py_examples:/opt/ros/humble /usr/bin/cmake --build /home/devam/bumperbot_ws/build/bumperbot_controller -- -j24 -l24
