[35m[1mConsolidate compiler generated dependencies of target simple_tf_kinematics[0m
[ 25%] Built target twist_pubsub_cpp
[ 33%] Built target simple_subscriber_cpp
[ 50%] Built target turtle_ref_pose
[ 66%] Built target twist_publisher_cpp
[ 83%] Built target simple_publisher_cpp
[ 91%] [32mBuilding CXX object CMakeFiles/simple_tf_kinematics.dir/src/simple_tf_kinematics.cpp.o[0m
[01m[K/home/devam/bumperbot_ws/src/bumperbot_cpp_examples/src/simple_tf_kinematics.cpp:[m[K In constructor â€˜[01m[KSimpleTFKinematics::SimpleTFKinematics(const string&)[m[Kâ€™:
[01m[K/home/devam/bumperbot_ws/src/bumperbot_cpp_examples/src/simple_tf_kinematics.cpp:11:5:[m[K [01;31m[Kerror: [m[Kâ€˜[01m[Kstatic_tf_stamped[m[Kâ€™ was not declared in this scope
   11 |     [01;31m[Kstatic_tf_stamped[m[K.transform.translation.x = 0.0;
      |     [01;31m[K^~~~~~~~~~~~~~~~~[m[K
gmake[2]: *** [CMakeFiles/simple_tf_kinematics.dir/build.make:76: CMakeFiles/simple_tf_kinematics.dir/src/simple_tf_kinematics.cpp.o] Error 1
gmake[1]: *** [CMakeFiles/Makefile2:277: CMakeFiles/simple_tf_kinematics.dir/all] Error 2
gmake: *** [Makefile:146: all] Error 2
