[0.014s] Invoking command in '/home/devam/bumperbot_ws/build/bumperbot_controller': CMAKE_PREFIX_PATH=${CMAKE_PREFIX_PATH}:/home/devam/bumperbot_ws/install/bumperbot_py_examples:/opt/ros/humble /usr/bin/cmake --build /home/devam/bumperbot_ws/build/bumperbot_controller -- -j24 -l24
[0.031s] -- Found ament_cmake: 1.3.11 (/opt/ros/humble/share/ament_cmake/cmake)
[0.106s] -- Found rclpy: 3.3.15 (/opt/ros/humble/share/rclpy/cmake)
[0.106s] -- Found std_msgs: 4.2.4 (/opt/ros/humble/share/std_msgs/cmake)
[0.119s] -- Found rosidl_generator_c: 3.1.6 (/opt/ros/humble/share/rosidl_generator_c/cmake)
[0.120s] -- Found rosidl_adapter: 3.1.6 (/opt/ros/humble/share/rosidl_adapter/cmake)
[0.123s] -- Found rosidl_generator_cpp: 3.1.6 (/opt/ros/humble/share/rosidl_generator_cpp/cmake)
[0.127s] -- Using all available rosidl_typesupport_c: rosidl_typesupport_fastrtps_c;rosidl_typesupport_introspection_c
[0.134s] -- Using all available rosidl_typesupport_cpp: rosidl_typesupport_fastrtps_cpp;rosidl_typesupport_introspection_cpp
[0.145s] -- Found geometry_msgs: 4.2.4 (/opt/ros/humble/share/geometry_msgs/cmake)
[0.151s] -- Found rclcpp: 16.0.11 (/opt/ros/humble/share/rclcpp/cmake)
[0.164s] -- Found rmw_implementation_cmake: 6.1.2 (/opt/ros/humble/share/rmw_implementation_cmake/cmake)
[0.165s] -- Found rmw_fastrtps_cpp: 6.2.7 (/opt/ros/humble/share/rmw_fastrtps_cpp/cmake)
[0.233s] -- Using RMW implementation 'rmw_fastrtps_cpp' as default
[0.252s] -- Found sensor_msgs: 4.2.4 (/opt/ros/humble/share/sensor_msgs/cmake)
[0.260s] -- Found nav_msgs: 4.2.4 (/opt/ros/humble/share/nav_msgs/cmake)
[0.269s] -- Found tf2: 0.25.9 (/opt/ros/humble/share/tf2/cmake)
[0.270s] -- Found tf2_ros: 0.25.9 (/opt/ros/humble/share/tf2_ros/cmake)
[0.345s] -- Found ament_lint_auto: 0.12.11 (/opt/ros/humble/share/ament_lint_auto/cmake)
[0.380s] -- Added test 'cppcheck' to perform static code analysis on C / C++ code
[0.380s] -- Configured cppcheck include dirs: /home/devam/bumperbot_ws/src/bumperbot_controller/include
[0.380s] -- Configured cppcheck exclude dirs and/or files: 
[0.380s] -- Added test 'flake8' to check Python code syntax and style conventions
[0.380s] -- Added test 'lint_cmake' to check CMake code style
[0.380s] -- Added test 'pep257' to check Python code against some of the docstring style conventions in PEP 257
[0.381s] -- Added test 'uncrustify' to check C / C++ code style
[0.381s] -- Configured uncrustify additional arguments: 
[0.381s] -- Added test 'xmllint' to check XML markup files
[0.381s] -- Configuring done
[0.389s] -- Generating done
[0.392s] -- Build files have been written to: /home/devam/bumperbot_ws/build/bumperbot_controller
[0.411s] [35m[1mConsolidate compiler generated dependencies of target simple_controller[0m
[0.417s] [ 25%] [32mBuilding CXX object CMakeFiles/noisy_controller.dir/src/noisy_controller.cpp.o[0m
[0.421s] [ 75%] Built target simple_controller
[0.423s] [ 75%] Built target ament_cmake_python_copy_bumperbot_controller
[0.616s] running egg_info
[0.624s] writing bumperbot_controller.egg-info/PKG-INFO
[0.624s] writing dependency_links to bumperbot_controller.egg-info/dependency_links.txt
[0.624s] writing top-level names to bumperbot_controller.egg-info/top_level.txt
[0.652s] reading manifest file 'bumperbot_controller.egg-info/SOURCES.txt'
[0.653s] writing manifest file 'bumperbot_controller.egg-info/SOURCES.txt'
[0.676s] [ 75%] Built target ament_cmake_python_build_bumperbot_controller_egg
[1.571s] In file included from [01m[K/home/devam/bumperbot_ws/src/bumperbot_controller/src/noisy_controller.cpp:1[m[K:
[1.571s] [01m[K/home/devam/bumperbot_ws/src/bumperbot_controller/include/bumperbot_controller/noisy_controller.hpp:19:46:[m[K [01;31m[Kerror: [m[Kâ€˜[01m[KTwistStamped[m[Kâ€™ in namespace â€˜[01m[Kgeometry_msgs::msg[m[Kâ€™ does not name a type
[1.571s]    19 |         void velCb(const geometry_msgs::msg::[01;31m[KTwistStamped[m[K &msg);
[1.571s]       |                                              [01;31m[K^~~~~~~~~~~~[m[K
[1.604s] [01m[K/home/devam/bumperbot_ws/src/bumperbot_controller/src/noisy_controller.cpp:[m[K In member function â€˜[01m[Kvoid NoisyController::jointCb(const JointState&)[m[Kâ€™:
[1.604s] [01m[K/home/devam/bumperbot_ws/src/bumperbot_controller/src/noisy_controller.cpp:49:21:[m[K [01;31m[Kerror: [m[Kâ€˜[01m[Kwheel_radius[m[Kâ€™ was not declared in this scope
[1.604s]    49 |     double linear = [01;31m[Kwheel_radius[m[K*(fl+fr)/2;
[1.604s]       |                     [01;31m[K^~~~~~~~~~~~[m[K
[1.609s] [01m[K/home/devam/bumperbot_ws/src/bumperbot_controller/src/noisy_controller.cpp:50:43:[m[K [01;31m[Kerror: [m[Kâ€˜[01m[Kwheel_separation[m[Kâ€™ was not declared in this scope
[1.609s]    50 |     double angular = wheel_radius*(fr-fl)/[01;31m[Kwheel_separation[m[K;
[1.609s]       |                                           [01;31m[K^~~~~~~~~~~~~~~~[m[K
[2.805s] gmake[2]: *** [CMakeFiles/noisy_controller.dir/build.make:76: CMakeFiles/noisy_controller.dir/src/noisy_controller.cpp.o] Error 1
[2.805s] gmake[1]: *** [CMakeFiles/Makefile2:220: CMakeFiles/noisy_controller.dir/all] Error 2
[2.806s] gmake: *** [Makefile:146: all] Error 2
[2.807s] Invoked command in '/home/devam/bumperbot_ws/build/bumperbot_controller' returned '2': CMAKE_PREFIX_PATH=${CMAKE_PREFIX_PATH}:/home/devam/bumperbot_ws/install/bumperbot_py_examples:/opt/ros/humble /usr/bin/cmake --build /home/devam/bumperbot_ws/build/bumperbot_controller -- -j24 -l24
