[0.011s] Invoking command in '/home/devam/bumperbot_ws/build/bumperbot_cpp_examples': CMAKE_PREFIX_PATH=/opt/ros/humble /usr/bin/cmake --build /home/devam/bumperbot_ws/build/bumperbot_cpp_examples -- -j24 -l24
[0.043s] -- Found ament_cmake: 1.3.11 (/opt/ros/humble/share/ament_cmake/cmake)
[0.122s] -- Override CMake install command with custom implementation using symlinks instead of copying resources
[0.133s] -- Found rclcpp: 16.0.11 (/opt/ros/humble/share/rclcpp/cmake)
[0.156s] -- Found rosidl_generator_c: 3.1.6 (/opt/ros/humble/share/rosidl_generator_c/cmake)
[0.158s] -- Found rosidl_adapter: 3.1.6 (/opt/ros/humble/share/rosidl_adapter/cmake)
[0.165s] -- Found rosidl_generator_cpp: 3.1.6 (/opt/ros/humble/share/rosidl_generator_cpp/cmake)
[0.172s] -- Using all available rosidl_typesupport_c: rosidl_typesupport_fastrtps_c;rosidl_typesupport_introspection_c
[0.181s] -- Using all available rosidl_typesupport_cpp: rosidl_typesupport_fastrtps_cpp;rosidl_typesupport_introspection_cpp
[0.206s] -- Found rmw_implementation_cmake: 6.1.2 (/opt/ros/humble/share/rmw_implementation_cmake/cmake)
[0.207s] -- Found rmw_fastrtps_cpp: 6.2.7 (/opt/ros/humble/share/rmw_fastrtps_cpp/cmake)
[0.276s] -- Using RMW implementation 'rmw_fastrtps_cpp' as default
[0.312s] -- Found geometry_msgs: 4.2.4 (/opt/ros/humble/share/geometry_msgs/cmake)
[0.322s] -- Found turtlesim: 1.4.2 (/opt/ros/humble/share/turtlesim/cmake)
[0.353s] -- Found ament_lint_auto: 0.12.11 (/opt/ros/humble/share/ament_lint_auto/cmake)
[0.393s] -- Added test 'cppcheck' to perform static code analysis on C / C++ code
[0.394s] -- Configured cppcheck include dirs: /home/devam/bumperbot_ws/src/bumperbot_cpp_examples/include
[0.394s] -- Configured cppcheck exclude dirs and/or files: 
[0.394s] -- Added test 'lint_cmake' to check CMake code style
[0.394s] -- Added test 'uncrustify' to check C / C++ code style
[0.394s] -- Configured uncrustify additional arguments: 
[0.395s] -- Added test 'xmllint' to check XML markup files
[0.396s] -- Configuring done
[0.409s] -- Generating done
[0.413s] -- Build files have been written to: /home/devam/bumperbot_ws/build/bumperbot_cpp_examples
[0.431s] [35m[1mConsolidate compiler generated dependencies of target simple_publisher_cpp[0m
[0.431s] [35m[1mConsolidate compiler generated dependencies of target twist_pubsub_cpp[0m
[0.432s] [35m[1mConsolidate compiler generated dependencies of target twist_publisher_cpp[0m
[0.433s] [35m[1mConsolidate compiler generated dependencies of target simple_subscriber_cpp[0m
[0.437s] [ 10%] [32mBuilding CXX object CMakeFiles/turtle_ref_pose.dir/src/turtle_ref_pose.cpp.o[0m
[0.439s] [ 20%] [32mBuilding CXX object CMakeFiles/simple_publisher_cpp.dir/src/simple_publisher.cpp.o[0m
[0.440s] [ 30%] [32mBuilding CXX object CMakeFiles/twist_publisher_cpp.dir/src/twist_publisher.cpp.o[0m
[0.443s] [ 40%] [32mBuilding CXX object CMakeFiles/simple_subscriber_cpp.dir/src/simple_subscriber.cpp.o[0m
[0.443s] [ 50%] [32mBuilding CXX object CMakeFiles/twist_pubsub_cpp.dir/src/twist_pub_sub.cpp.o[0m
[1.650s] [01m[K/home/devam/bumperbot_ws/src/bumperbot_cpp_examples/src/turtle_ref_pose.cpp:3:28:[m[K [01;31m[Kerror: [m[Kexpected â€˜[01m[K;[m[Kâ€™ before â€˜[01m[KTurtleRefPose[m[Kâ€™
[1.650s]     3 | using std::placeholders::_1
[1.650s]       |                            [01;31m[K^[m[K
[1.650s]       |                            [32m[K;[m[K
[1.651s]     4 | 
[1.651s]     5 | [32m[KTurtleRefPose[m[K::TurtleRefPose(const std::string &name) : Node(name)
[1.651s]       | [32m[K~~~~~~~~~~~~~[m[K               
[2.723s] [ 60%] [32m[1mLinking CXX executable twist_publisher_cpp[0m
[2.724s] [ 70%] [32m[1mLinking CXX executable simple_publisher_cpp[0m
[2.862s] [ 70%] Built target simple_publisher_cpp
[2.862s] [ 70%] Built target twist_publisher_cpp
[2.940s] gmake[2]: *** [CMakeFiles/turtle_ref_pose.dir/build.make:76: CMakeFiles/turtle_ref_pose.dir/src/turtle_ref_pose.cpp.o] Error 1
[2.940s] gmake[1]: *** [CMakeFiles/Makefile2:249: CMakeFiles/turtle_ref_pose.dir/all] Error 2
[2.940s] gmake[1]: *** Waiting for unfinished jobs....
[4.450s] [ 80%] [32m[1mLinking CXX executable simple_subscriber_cpp[0m
[4.608s] [ 90%] [32m[1mLinking CXX executable twist_pubsub_cpp[0m
[4.628s] [ 90%] Built target simple_subscriber_cpp
[4.796s] [ 90%] Built target twist_pubsub_cpp
[4.797s] gmake: *** [Makefile:146: all] Error 2
[4.798s] Invoked command in '/home/devam/bumperbot_ws/build/bumperbot_cpp_examples' returned '2': CMAKE_PREFIX_PATH=/opt/ros/humble /usr/bin/cmake --build /home/devam/bumperbot_ws/build/bumperbot_cpp_examples -- -j24 -l24
