[0.008s] Invoking command in '/home/devam/bumperbot_ws/build/bumperbot_cpp_examples': CMAKE_PREFIX_PATH=${CMAKE_PREFIX_PATH}:/home/devam/bumperbot_ws/install/bumperbot_py_examples:/opt/ros/humble /usr/bin/cmake --build /home/devam/bumperbot_ws/build/bumperbot_cpp_examples -- -j24 -l24
[0.041s] [35m[1mConsolidate compiler generated dependencies of target simple_subscriber_cpp[0m
[0.048s] [ 50%] Built target simple_publisher_cpp
[0.052s] [ 75%] [32mBuilding CXX object CMakeFiles/simple_subscriber_cpp.dir/src/simple_subscriber.cpp.o[0m
[1.193s] In file included from [01m[K/opt/ros/humble/include/rclcpp/rclcpp/logging.hpp:24[m[K,
[1.193s]                  from [01m[K/opt/ros/humble/include/rclcpp/rclcpp/client.hpp:40[m[K,
[1.193s]                  from [01m[K/opt/ros/humble/include/rclcpp/rclcpp/callback_group.hpp:24[m[K,
[1.193s]                  from [01m[K/opt/ros/humble/include/rclcpp/rclcpp/any_executable.hpp:20[m[K,
[1.193s]                  from [01m[K/opt/ros/humble/include/rclcpp/rclcpp/memory_strategy.hpp:25[m[K,
[1.193s]                  from [01m[K/opt/ros/humble/include/rclcpp/rclcpp/memory_strategies.hpp:18[m[K,
[1.193s]                  from [01m[K/opt/ros/humble/include/rclcpp/rclcpp/executor_options.hpp:20[m[K,
[1.193s]                  from [01m[K/opt/ros/humble/include/rclcpp/rclcpp/executor.hpp:37[m[K,
[1.193s]                  from [01m[K/opt/ros/humble/include/rclcpp/rclcpp/executors/multi_threaded_executor.hpp:25[m[K,
[1.193s]                  from [01m[K/opt/ros/humble/include/rclcpp/rclcpp/executors.hpp:21[m[K,
[1.193s]                  from [01m[K/opt/ros/humble/include/rclcpp/rclcpp/rclcpp.hpp:155[m[K,
[1.193s]                  from [01m[K/home/devam/bumperbot_ws/src/bumperbot_cpp_examples/src/simple_subscriber.cpp:1[m[K:
[1.193s] [01m[K/home/devam/bumperbot_ws/src/bumperbot_cpp_examples/src/simple_subscriber.cpp:[m[K In member function â€˜[01m[Kvoid SimpleSubscriber::msgCallback(const String&) const[m[Kâ€™:
[1.193s] [01m[K/home/devam/bumperbot_ws/src/bumperbot_cpp_examples/src/simple_subscriber.cpp:21:48:[m[K [01;31m[Kerror: [m[Kinvalid operands of types â€˜[01m[Kconst char [9][m[Kâ€™ and â€˜[01m[Kconst char*[m[Kâ€™ to binary â€˜[01m[Koperator<<[m[Kâ€™
[1.193s]    21 |             RCLCPP_INFO(get_logger(),[32m[K"I heard "[m[K[01;31m[K<<[m[K[34m[Kmsg.data.c_str()[m[K);
[1.193s]       |                                      [32m[K~~~~~~~~~~[m[K[01;31m[K^~[m[K[34m[K~~~~~~~~~~~~~~~~[m[K
[1.193s]       |                                      [32m[K|[m[K                         [34m[K|[m[K
[1.193s]       |                                      [32m[Kconst char [9][m[K            [34m[Kconst char*[m[K
[2.383s] gmake[2]: *** [CMakeFiles/simple_subscriber_cpp.dir/build.make:76: CMakeFiles/simple_subscriber_cpp.dir/src/simple_subscriber.cpp.o] Error 1
[2.383s] gmake[1]: *** [CMakeFiles/Makefile2:165: CMakeFiles/simple_subscriber_cpp.dir/all] Error 2
[2.384s] gmake: *** [Makefile:146: all] Error 2
[2.386s] Invoked command in '/home/devam/bumperbot_ws/build/bumperbot_cpp_examples' returned '2': CMAKE_PREFIX_PATH=${CMAKE_PREFIX_PATH}:/home/devam/bumperbot_ws/install/bumperbot_py_examples:/opt/ros/humble /usr/bin/cmake --build /home/devam/bumperbot_ws/build/bumperbot_cpp_examples -- -j24 -l24
