[0.011s] Invoking command in '/home/devam/bumperbot_ws/build/bumperbot_cpp_examples': CMAKE_PREFIX_PATH=${CMAKE_PREFIX_PATH}:/home/devam/bumperbot_ws/install/bumperbot_py_examples:/opt/ros/humble /usr/bin/cmake --build /home/devam/bumperbot_ws/build/bumperbot_cpp_examples -- -j24 -l24
[0.045s] [35m[1mConsolidate compiler generated dependencies of target simple_tf_kinematics[0m
[0.054s] [ 25%] Built target simple_publisher_cpp
[0.054s] [ 25%] [32mBuilding CXX object CMakeFiles/simple_tf_kinematics.dir/src/simple_tf_kinematics.cpp.o[0m
[0.056s] [ 41%] Built target turtle_ref_pose
[0.057s] [ 58%] Built target twist_publisher_cpp
[0.058s] [ 75%] Built target twist_pubsub_cpp
[0.060s] [ 91%] Built target simple_subscriber_cpp
[0.062s] [01m[K/home/devam/bumperbot_ws/src/bumperbot_cpp_examples/src/simple_tf_kinematics.cpp:3:1:[m[K [01;31m[Kerror: [m[Kâ€˜[01m[KSimpleTFKinematics[m[Kâ€™ does not name a type
[0.062s]     3 | [01;31m[KSimpleTFKinematics[m[K::SimpleTFKinematics(const std::string &name)
[0.062s]       | [01;31m[K^~~~~~~~~~~~~~~~~~[m[K
[0.062s] [01m[K/home/devam/bumperbot_ws/src/bumperbot_cpp_examples/src/simple_tf_kinematics.cpp:[m[K In function â€˜[01m[Kint main(int, char**)[m[Kâ€™:
[0.062s] [01m[K/home/devam/bumperbot_ws/src/bumperbot_cpp_examples/src/simple_tf_kinematics.cpp:27:5:[m[K [01;31m[Kerror: [m[Kâ€˜[01m[Krclcpp[m[Kâ€™ has not been declared
[0.062s]    27 |     [01;31m[Krclcpp[m[K::init(argc,argv);
[0.062s]       |     [01;31m[K^~~~~~[m[K
[0.062s] [01m[K/home/devam/bumperbot_ws/src/bumperbot_cpp_examples/src/simple_tf_kinematics.cpp:28:22:[m[K [01;31m[Kerror: [m[Kâ€˜[01m[Kmake_shared[m[Kâ€™ is not a member of â€˜[01m[Kstd[m[Kâ€™
[0.062s]    28 |     auto node = std::[01;31m[Kmake_shared[m[K<SimpleTFKinematics>("simple_tf_kinematics");
[0.062s]       |                      [01;31m[K^~~~~~~~~~~[m[K
[0.063s] [01m[K/home/devam/bumperbot_ws/src/bumperbot_cpp_examples/src/simple_tf_kinematics.cpp:2:1:[m[K [01;36m[Knote: [m[Kâ€˜[01m[Kstd::make_shared[m[Kâ€™ is defined in header â€˜[01m[K<memory>[m[Kâ€™; did you forget to â€˜[01m[K#include <memory>[m[Kâ€™?
[0.063s]     1 | #include "bumperbot_cpp_examples/simple_tf_kinematics.hpp"
[0.063s]   +++ |+[32m[K#include <memory>[m[K
[0.063s]     2 | 
[0.063s] [01m[K/home/devam/bumperbot_ws/src/bumperbot_cpp_examples/src/simple_tf_kinematics.cpp:28:34:[m[K [01;31m[Kerror: [m[Kâ€˜[01m[KSimpleTFKinematics[m[Kâ€™ was not declared in this scope
[0.063s]    28 |     auto node = std::make_shared<[01;31m[KSimpleTFKinematics[m[K>("simple_tf_kinematics");
[0.063s]       |                                  [01;31m[K^~~~~~~~~~~~~~~~~~[m[K
[0.063s] [01m[K/home/devam/bumperbot_ws/src/bumperbot_cpp_examples/src/simple_tf_kinematics.cpp:29:5:[m[K [01;31m[Kerror: [m[Kâ€˜[01m[Krclcpp[m[Kâ€™ has not been declared
[0.063s]    29 |     [01;31m[Krclcpp[m[K::spin(node);
[0.063s]       |     [01;31m[K^~~~~~[m[K
[0.063s] [01m[K/home/devam/bumperbot_ws/src/bumperbot_cpp_examples/src/simple_tf_kinematics.cpp:30:5:[m[K [01;31m[Kerror: [m[Kâ€˜[01m[Krclcpp[m[Kâ€™ has not been declared
[0.063s]    30 |     [01;31m[Krclcpp[m[K::shutdown();
[0.063s]       |     [01;31m[K^~~~~~[m[K
[0.063s] gmake[2]: *** [CMakeFiles/simple_tf_kinematics.dir/build.make:76: CMakeFiles/simple_tf_kinematics.dir/src/simple_tf_kinematics.cpp.o] Error 1
[0.063s] gmake[1]: *** [CMakeFiles/Makefile2:277: CMakeFiles/simple_tf_kinematics.dir/all] Error 2
[0.063s] gmake: *** [Makefile:146: all] Error 2
[0.231s] Invoked command in '/home/devam/bumperbot_ws/build/bumperbot_cpp_examples' returned '2': CMAKE_PREFIX_PATH=${CMAKE_PREFIX_PATH}:/home/devam/bumperbot_ws/install/bumperbot_py_examples:/opt/ros/humble /usr/bin/cmake --build /home/devam/bumperbot_ws/build/bumperbot_cpp_examples -- -j24 -l24
