[0.014s] Invoking command in '/home/devam/bumperbot_ws/build/bumperbot_controller': CMAKE_PREFIX_PATH=${CMAKE_PREFIX_PATH}:/home/devam/bumperbot_ws/install/bumperbot_py_examples:/opt/ros/humble /usr/bin/cmake --build /home/devam/bumperbot_ws/build/bumperbot_controller -- -j24 -l24
[0.041s] [35m[1mConsolidate compiler generated dependencies of target simple_controller[0m
[0.049s] [  0%] Built target ament_cmake_python_copy_bumperbot_controller
[0.052s] [ 50%] [32mBuilding CXX object CMakeFiles/simple_controller.dir/src/simple_controller.cpp.o[0m
[0.252s] running egg_info
[0.261s] writing bumperbot_controller.egg-info/PKG-INFO
[0.261s] writing dependency_links to bumperbot_controller.egg-info/dependency_links.txt
[0.261s] writing top-level names to bumperbot_controller.egg-info/top_level.txt
[0.292s] reading manifest file 'bumperbot_controller.egg-info/SOURCES.txt'
[0.292s] writing manifest file 'bumperbot_controller.egg-info/SOURCES.txt'
[0.321s] [ 50%] Built target ament_cmake_python_build_bumperbot_controller_egg
[1.667s] [01m[K/home/devam/bumperbot_ws/src/bumperbot_controller/src/simple_controller.cpp:[m[K In member function â€˜[01m[Kvoid SimpleController::jointCb(const JointState&)[m[Kâ€™:
[1.667s] [01m[K/home/devam/bumperbot_ws/src/bumperbot_controller/src/simple_controller.cpp:74:44:[m[K [01;31m[Kerror: [m[Kâ€˜[01m[Kclass rclcpp::Time[m[Kâ€™ has no member named â€˜[01m[Kto_msg[m[Kâ€™
[1.667s]    74 |     odom.header.stamp = get_clock()->now().[01;31m[Kto_msg[m[K();
[1.667s]       |                                            [01;31m[K^~~~~~[m[K
[3.516s] gmake[2]: *** [CMakeFiles/simple_controller.dir/build.make:76: CMakeFiles/simple_controller.dir/src/simple_controller.cpp.o] Error 1
[3.516s] gmake[1]: *** [CMakeFiles/Makefile2:192: CMakeFiles/simple_controller.dir/all] Error 2
[3.517s] gmake: *** [Makefile:146: all] Error 2
[3.518s] Invoked command in '/home/devam/bumperbot_ws/build/bumperbot_controller' returned '2': CMAKE_PREFIX_PATH=${CMAKE_PREFIX_PATH}:/home/devam/bumperbot_ws/install/bumperbot_py_examples:/opt/ros/humble /usr/bin/cmake --build /home/devam/bumperbot_ws/build/bumperbot_controller -- -j24 -l24
