[0.009s] Invoking command in '/home/devam/bumperbot_ws/build/bumperbot_cpp_examples': CMAKE_PREFIX_PATH=${CMAKE_PREFIX_PATH}:/home/devam/bumperbot_ws/install/bumperbot_py_examples:/opt/ros/humble /usr/bin/cmake --build /home/devam/bumperbot_ws/build/bumperbot_cpp_examples -- -j24 -l24
[0.036s] [35m[1mConsolidate compiler generated dependencies of target simple_publisher_cpp[0m
[0.046s] [ 50%] [32mBuilding CXX object CMakeFiles/simple_publisher_cpp.dir/src/simple_publisher.cpp.o[0m
[1.116s] [01m[K/home/devam/bumperbot_ws/src/bumperbot_cpp_examples/src/simple_publisher.cpp:32:5:[m[K [01;35m[Kwarning: [m[Ksecond argument of â€˜[01m[Kint main(int, char*)[m[Kâ€™ should be â€˜[01m[Kchar **[m[Kâ€™ [[01;35m[K]8;;https://gcc.gnu.org/onlinedocs/gcc/Warning-Options.html#index-Wmain-Wmain]8;;[m[K]
[1.116s]    32 | int [01;35m[Kmain[m[K(int argc, char* argv)
[1.116s]       |     [01;35m[K^~~~[m[K
[1.116s] [01m[K/home/devam/bumperbot_ws/src/bumperbot_cpp_examples/src/simple_publisher.cpp:[m[K In function â€˜[01m[Kint main(int, char*)[m[Kâ€™:
[1.116s] [01m[K/home/devam/bumperbot_ws/src/bumperbot_cpp_examples/src/simple_publisher.cpp:34:13:[m[K [01;31m[Kerror: [m[Kexpected unqualified-id before â€˜[01m[Kint[m[Kâ€™
[1.116s]    34 |     rclcpp::[01;31m[Kint[m[K(argc,argv);
[1.116s]       |             [01;31m[K^~~[m[K
[1.117s] [01m[K/home/devam/bumperbot_ws/src/bumperbot_cpp_examples/src/simple_publisher.cpp:32:14:[m[K [01;35m[Kwarning: [m[Kunused parameter â€˜[01m[Kargc[m[Kâ€™ [[01;35m[K]8;;https://gcc.gnu.org/onlinedocs/gcc/Warning-Options.html#index-Wunused-parameter-Wunused-parameter]8;;[m[K]
[1.117s]    32 | int main([01;35m[Kint argc[m[K, char* argv)
[1.117s]       |          [01;35m[K~~~~^~~~[m[K
[1.117s] [01m[K/home/devam/bumperbot_ws/src/bumperbot_cpp_examples/src/simple_publisher.cpp:32:26:[m[K [01;35m[Kwarning: [m[Kunused parameter â€˜[01m[Kargv[m[Kâ€™ [[01;35m[K]8;;https://gcc.gnu.org/onlinedocs/gcc/Warning-Options.html#index-Wunused-parameter-Wunused-parameter]8;;[m[K]
[1.117s]    32 | int main(int argc, [01;35m[Kchar* argv[m[K)
[1.117s]       |                    [01;35m[K~~~~~~^~~~[m[K
[1.508s] gmake[2]: *** [CMakeFiles/simple_publisher_cpp.dir/build.make:76: CMakeFiles/simple_publisher_cpp.dir/src/simple_publisher.cpp.o] Error 1
[1.508s] gmake[1]: *** [CMakeFiles/Makefile2:137: CMakeFiles/simple_publisher_cpp.dir/all] Error 2
[1.509s] gmake: *** [Makefile:146: all] Error 2
[1.511s] Invoked command in '/home/devam/bumperbot_ws/build/bumperbot_cpp_examples' returned '2': CMAKE_PREFIX_PATH=${CMAKE_PREFIX_PATH}:/home/devam/bumperbot_ws/install/bumperbot_py_examples:/opt/ros/humble /usr/bin/cmake --build /home/devam/bumperbot_ws/build/bumperbot_cpp_examples -- -j24 -l24
