[35m[1mConsolidate compiler generated dependencies of target twist_publisher_cpp[0m
[ 33%] [32mBuilding CXX object CMakeFiles/twist_publisher_cpp.dir/src/twist_publisher.cpp.o[0m
[ 50%] Built target simple_subscriber_cpp
[ 83%] Built target simple_publisher_cpp
[01m[K/home/devam/bumperbot_ws/src/bumperbot_cpp_examples/src/twist_publisher.cpp:13:63:[m[K [01;35m[Kwarning: [m[Kcharacter constant too long for its type
   13 |             pub = create_publisher<geometry_msgs::msg::Twist>([01;35m[K'cmd_vel'[m[K,10);
      |                                                               [01;35m[K^~~~~~~~~[m[K
[01m[K/home/devam/bumperbot_ws/src/bumperbot_cpp_examples/src/twist_publisher.cpp:24:9:[m[K [01;31m[Kerror: [m[Kâ€˜[01m[Ka[m[Kâ€™ does not name a type
   24 |         [01;31m[Ka[m[K=1.0;
      |         [01;31m[K^[m[K
[01m[K/home/devam/bumperbot_ws/src/bumperbot_cpp_examples/src/twist_publisher.cpp:25:9:[m[K [01;31m[Kerror: [m[Kâ€˜[01m[Kb[m[Kâ€™ does not name a type
   25 |         [01;31m[Kb[m[K=2.0;
      |         [01;31m[K^[m[K
[01m[K/home/devam/bumperbot_ws/src/bumperbot_cpp_examples/src/twist_publisher.cpp:26:9:[m[K [01;31m[Kerror: [m[Kâ€˜[01m[Kc[m[Kâ€™ does not name a type
   26 |         [01;31m[Kc[m[K=3.0;
      |         [01;31m[K^[m[K
[01m[K/home/devam/bumperbot_ws/src/bumperbot_cpp_examples/src/twist_publisher.cpp:[m[K In constructor â€˜[01m[KTwistPublisher::TwistPublisher()[m[Kâ€™:
[01m[K/home/devam/bumperbot_ws/src/bumperbot_cpp_examples/src/twist_publisher.cpp:13:62:[m[K [01;31m[Kerror: [m[Kno matching function for call to â€˜[01m[KTwistPublisher::create_publisher<geometry_msgs::msg::Twist>(int, int)[m[Kâ€™
   13 |             pub = [01;31m[Kcreate_publisher<geometry_msgs::msg::Twist>('cmd_vel',10)[m[K;
      |                   [01;31m[K~~~~~~~~~~~~~~~~~~~~~~~~~~~~~~~~~~~~~~~~~~~^~~~~~~~~~~~~~[m[K
In file included from [01m[K/opt/ros/humble/include/rclcpp/rclcpp/executors/single_threaded_executor.hpp:28[m[K,
                 from [01m[K/opt/ros/humble/include/rclcpp/rclcpp/executors.hpp:22[m[K,
                 from [01m[K/opt/ros/humble/include/rclcpp/rclcpp/rclcpp.hpp:155[m[K,
                 from [01m[K/home/devam/bumperbot_ws/src/bumperbot_cpp_examples/src/twist_publisher.cpp:1[m[K:
[01m[K/opt/ros/humble/include/rclcpp/rclcpp/node.hpp:195:3:[m[K [01;36m[Knote: [m[Kcandidate: â€˜[01m[Ktemplate<class MessageT, class AllocatorT, class PublisherT> std::shared_ptr<PublisherT> rclcpp::Node::create_publisher(const string&, const rclcpp::QoS&, const rclcpp::PublisherOptionsWithAllocator<AllocatorT>&)[m[Kâ€™
  195 |   [01;36m[Kcreate_publisher[m[K(
      |   [01;36m[K^~~~~~~~~~~~~~~~[m[K
[01m[K/opt/ros/humble/include/rclcpp/rclcpp/node.hpp:195:3:[m[K [01;36m[Knote: [m[K  template argument deduction/substitution failed:
[01m[K/home/devam/bumperbot_ws/src/bumperbot_cpp_examples/src/twist_publisher.cpp:13:63:[m[K [01;36m[Knote: [m[K  cannot convert â€˜[01m[K1601594732[m[Kâ€™ (type â€˜[01m[Kint[m[Kâ€™) to type â€˜[01m[Kconst string&[m[Kâ€™ {aka â€˜[01m[Kconst std::__cxx11::basic_string<char>&[m[Kâ€™}
   13 |             pub = create_publisher<geometry_msgs::msg::Twist>([01;36m[K'cmd_vel'[m[K,10);
      |                                                               [01;36m[K^~~~~~~~~[m[K
gmake[2]: *** [CMakeFiles/twist_publisher_cpp.dir/build.make:76: CMakeFiles/twist_publisher_cpp.dir/src/twist_publisher.cpp.o] Error 1
gmake[1]: *** [CMakeFiles/Makefile2:167: CMakeFiles/twist_publisher_cpp.dir/all] Error 2
gmake: *** [Makefile:146: all] Error 2
