[0.008s] Invoking command in '/home/devam/bumperbot_ws/build/bumperbot_cpp_examples': CMAKE_PREFIX_PATH=${CMAKE_PREFIX_PATH}:/home/devam/bumperbot_ws/install/bumperbot_py_examples:/opt/ros/humble /usr/bin/cmake --build /home/devam/bumperbot_ws/build/bumperbot_cpp_examples -- -j24 -l24
[0.024s] -- Found ament_cmake: 1.3.11 (/opt/ros/humble/share/ament_cmake/cmake)
[0.093s] -- Override CMake install command with custom implementation using symlinks instead of copying resources
[0.097s] -- Found rclcpp: 16.0.11 (/opt/ros/humble/share/rclcpp/cmake)
[0.111s] -- Found rosidl_generator_c: 3.1.6 (/opt/ros/humble/share/rosidl_generator_c/cmake)
[0.112s] -- Found rosidl_adapter: 3.1.6 (/opt/ros/humble/share/rosidl_adapter/cmake)
[0.115s] -- Found rosidl_generator_cpp: 3.1.6 (/opt/ros/humble/share/rosidl_generator_cpp/cmake)
[0.119s] -- Using all available rosidl_typesupport_c: rosidl_typesupport_fastrtps_c;rosidl_typesupport_introspection_c
[0.125s] -- Using all available rosidl_typesupport_cpp: rosidl_typesupport_fastrtps_cpp;rosidl_typesupport_introspection_cpp
[0.141s] -- Found rmw_implementation_cmake: 6.1.2 (/opt/ros/humble/share/rmw_implementation_cmake/cmake)
[0.142s] -- Found rmw_fastrtps_cpp: 6.2.7 (/opt/ros/humble/share/rmw_fastrtps_cpp/cmake)
[0.201s] -- Using RMW implementation 'rmw_fastrtps_cpp' as default
[0.225s] -- Found geometry_msgs: 4.2.4 (/opt/ros/humble/share/geometry_msgs/cmake)
[0.232s] -- Found ament_lint_auto: 0.12.11 (/opt/ros/humble/share/ament_lint_auto/cmake)
[0.269s] -- Added test 'cppcheck' to perform static code analysis on C / C++ code
[0.269s] -- Configured cppcheck include dirs: 
[0.270s] -- Configured cppcheck exclude dirs and/or files: 
[0.270s] -- Added test 'lint_cmake' to check CMake code style
[0.270s] -- Added test 'uncrustify' to check C / C++ code style
[0.270s] -- Configured uncrustify additional arguments: 
[0.270s] -- Added test 'xmllint' to check XML markup files
[0.271s] -- Configuring done
[0.278s] -- Generating done
[0.282s] -- Build files have been written to: /home/devam/bumperbot_ws/build/bumperbot_cpp_examples
[0.299s] [35m[1mConsolidate compiler generated dependencies of target simple_subscriber_cpp[0m
[0.299s] [35m[1mConsolidate compiler generated dependencies of target simple_publisher_cpp[0m
[0.300s] [35m[1mConsolidate compiler generated dependencies of target twist_publisher_cpp[0m
[0.308s] [ 12%] [32mBuilding CXX object CMakeFiles/twist_pubsub_cpp.dir/src/twist_pub_sub.cpp.o[0m
[0.308s] [ 37%] Built target simple_subscriber_cpp
[0.310s] [ 62%] Built target simple_publisher_cpp
[0.312s] [ 87%] Built target twist_publisher_cpp
[0.403s] [01m[K/home/devam/bumperbot_ws/src/bumperbot_cpp_examples/src/twist_pub_sub.cpp:10:59:[m[K [01;35m[Kwarning: [m[Kcharacter constant too long for its type
[0.404s]    10 |         pub = create_publisher<geometry_msgs::msg::Twist>([01;35m[K'cmd_vel1'[m[K,10);
[0.404s]       |                                                           [01;35m[K^~~~~~~~~~[m[K
[0.404s] [01m[K/home/devam/bumperbot_ws/src/bumperbot_cpp_examples/src/twist_pub_sub.cpp:11:62:[m[K [01;35m[Kwarning: [m[Kcharacter constant too long for its type
[0.404s]    11 |         sub = create_subscription<geometry_msgs::msg::Twist>([01;35m[K'cmd_vel'[m[K,10,std::bind(&Twistpubsub::twistCB,this,_1));
[0.404s]       |                                                              [01;35m[K^~~~~~~~~[m[K
[1.327s] [01m[K/home/devam/bumperbot_ws/src/bumperbot_cpp_examples/src/twist_pub_sub.cpp:10:9:[m[K [01;31m[Kerror: [m[Kâ€˜[01m[Kpub[m[Kâ€™ does not name a type
[1.327s]    10 |         [01;31m[Kpub[m[K = create_publisher<geometry_msgs::msg::Twist>('cmd_vel1',10);
[1.327s]       |         [01;31m[K^~~[m[K
[1.328s] [01m[K/home/devam/bumperbot_ws/src/bumperbot_cpp_examples/src/twist_pub_sub.cpp:11:9:[m[K [01;31m[Kerror: [m[Kâ€˜[01m[Ksub[m[Kâ€™ does not name a type
[1.328s]    11 |         [01;31m[Ksub[m[K = create_subscription<geometry_msgs::msg::Twist>('cmd_vel',10,std::bind(&Twistpubsub::twistCB,this,_1));
[1.328s]       |         [01;31m[K^~~[m[K
[1.349s] [01m[K/home/devam/bumperbot_ws/src/bumperbot_cpp_examples/src/twist_pub_sub.cpp:[m[K In member function â€˜[01m[Kvoid Twistpubsub::twistCB(const Twist&) const[m[Kâ€™:
[1.349s] [01m[K/home/devam/bumperbot_ws/src/bumperbot_cpp_examples/src/twist_pub_sub.cpp:25:13:[m[K [01;31m[Kerror: [m[Kâ€˜[01m[Kpub_[m[Kâ€™ was not declared in this scope; did you mean â€˜[01m[Kpub[m[Kâ€™?
[1.349s]    25 |             [01;31m[Kpub_[m[K->publish(message);
[1.349s]       |             [01;31m[K^~~~[m[K
[1.349s]       |             [32m[Kpub[m[K
[1.513s] In file included from [01m[K/usr/include/x86_64-linux-gnu/c++/11/bits/c++allocator.h:33[m[K,
[1.513s]                  from [01m[K/usr/include/c++/11/bits/allocator.h:46[m[K,
[1.513s]                  from [01m[K/usr/include/c++/11/memory:64[m[K,
[1.513s]                  from [01m[K/opt/ros/humble/include/rclcpp/rclcpp/rclcpp.hpp:153[m[K,
[1.513s]                  from [01m[K/home/devam/bumperbot_ws/src/bumperbot_cpp_examples/src/twist_pub_sub.cpp:1[m[K:
[1.513s] /usr/include/c++/11/ext/new_allocator.h: In instantiation of â€˜[01m[Kvoid __gnu_cxx::new_allocator<_Tp>::construct(_Up*, _Args&& ...) [with _Up = Twistpubsub; _Args = {}; _Tp = Twistpubsub][m[Kâ€™:
[1.513s] [01m[K/usr/include/c++/11/bits/alloc_traits.h:516:17:[m[K   required from â€˜[01m[Kstatic void std::allocator_traits<std::allocator<_Tp1> >::construct(std::allocator_traits<std::allocator<_Tp1> >::allocator_type&, _Up*, _Args&& ...) [with _Up = Twistpubsub; _Args = {}; _Tp = Twistpubsub; std::allocator_traits<std::allocator<_Tp1> >::allocator_type = std::allocator<Twistpubsub>][m[Kâ€™
[1.513s] [01m[K/usr/include/c++/11/bits/shared_ptr_base.h:519:39:[m[K   required from â€˜[01m[Kstd::_Sp_counted_ptr_inplace<_Tp, _Alloc, _Lp>::_Sp_counted_ptr_inplace(_Alloc, _Args&& ...) [with _Args = {}; _Tp = Twistpubsub; _Alloc = std::allocator<Twistpubsub>; __gnu_cxx::_Lock_policy _Lp = __gnu_cxx::_S_atomic][m[Kâ€™
[1.513s] [01m[K/usr/include/c++/11/bits/shared_ptr_base.h:650:16:[m[K   required from â€˜[01m[Kstd::__shared_count<_Lp>::__shared_count(_Tp*&, std::_Sp_alloc_shared_tag<_Alloc>, _Args&& ...) [with _Tp = Twistpubsub; _Alloc = std::allocator<Twistpubsub>; _Args = {}; __gnu_cxx::_Lock_policy _Lp = __gnu_cxx::_S_atomic][m[Kâ€™
[1.513s] [01m[K/usr/include/c++/11/bits/shared_ptr_base.h:1342:14:[m[K   required from â€˜[01m[Kstd::__shared_ptr<_Tp, _Lp>::__shared_ptr(std::_Sp_alloc_shared_tag<_Tp>, _Args&& ...) [with _Alloc = std::allocator<Twistpubsub>; _Args = {}; _Tp = Twistpubsub; __gnu_cxx::_Lock_policy _Lp = __gnu_cxx::_S_atomic][m[Kâ€™
[1.513s] [01m[K/usr/include/c++/11/bits/shared_ptr.h:409:59:[m[K   required from â€˜[01m[Kstd::shared_ptr<_Tp>::shared_ptr(std::_Sp_alloc_shared_tag<_Tp>, _Args&& ...) [with _Alloc = std::allocator<Twistpubsub>; _Args = {}; _Tp = Twistpubsub][m[Kâ€™
[1.513s] [01m[K/usr/include/c++/11/bits/shared_ptr.h:862:14:[m[K   required from â€˜[01m[Kstd::shared_ptr<_Tp> std::allocate_shared(const _Alloc&, _Args&& ...) [with _Tp = Twistpubsub; _Alloc = std::allocator<Twistpubsub>; _Args = {}][m[Kâ€™
[1.513s] [01m[K/usr/include/c++/11/bits/shared_ptr.h:878:39:[m[K   required from â€˜[01m[Kstd::shared_ptr<_Tp> std::make_shared(_Args&& ...) [with _Tp = Twistpubsub; _Args = {}][m[Kâ€™
[1.513s] [01m[K/home/devam/bumperbot_ws/src/bumperbot_cpp_examples/src/twist_pub_sub.cpp:32:46:[m[K   required from here
[1.513s] [01m[K/usr/include/c++/11/ext/new_allocator.h:162:11:[m[K [01;31m[Kerror: [m[Kuse of deleted function â€˜[01m[KTwistpubsub::Twistpubsub()[m[Kâ€™
[1.513s]   162 |         { [01;31m[K::new((void *)__p) _Up(std::forward<_Args>(__args)...)[m[K; }
[1.513s]       |           [01;31m[K^~~~~~~~~~~~~~~~~~~~~~~~~~~~~~~~~~~~~~~~~~~~~~~~~~~~~~[m[K
[1.513s] [01m[K/home/devam/bumperbot_ws/src/bumperbot_cpp_examples/src/twist_pub_sub.cpp:7:7:[m[K [01;36m[Knote: [m[Kâ€˜[01m[KTwistpubsub::Twistpubsub()[m[Kâ€™ is implicitly deleted because the default definition would be ill-formed:
[1.513s]     7 | class [01;36m[KTwistpubsub[m[K : public rclcpp::Node
[1.513s]       |       [01;36m[K^~~~~~~~~~~[m[K
[1.513s] [01m[K/home/devam/bumperbot_ws/src/bumperbot_cpp_examples/src/twist_pub_sub.cpp:7:7:[m[K [01;31m[Kerror: [m[Kno matching function for call to â€˜[01m[Krclcpp::Node::Node()[m[Kâ€™
[1.513s] In file included from [01m[K/opt/ros/humble/include/rclcpp/rclcpp/executors/single_threaded_executor.hpp:28[m[K,
[1.513s]                  from [01m[K/opt/ros/humble/include/rclcpp/rclcpp/executors.hpp:22[m[K,
[1.513s]                  from [01m[K/opt/ros/humble/include/rclcpp/rclcpp/rclcpp.hpp:155[m[K,
[1.513s]                  from [01m[K/home/devam/bumperbot_ws/src/bumperbot_cpp_examples/src/twist_pub_sub.cpp:1[m[K:
[1.513s] [01m[K/opt/ros/humble/include/rclcpp/rclcpp/node.hpp:1294:3:[m[K [01;36m[Knote: [m[Kcandidate: â€˜[01m[Krclcpp::Node::Node(const rclcpp::Node&, const string&)[m[Kâ€™
[1.513s]  1294 |   [01;36m[KNode[m[K(
[1.513s]       |   [01;36m[K^~~~[m[K
[1.518s] [01m[K/opt/ros/humble/include/rclcpp/rclcpp/node.hpp:1294:3:[m[K [01;36m[Knote: [m[K  candidate expects 2 arguments, 0 provided
[1.518s] [01m[K/opt/ros/humble/include/rclcpp/rclcpp/node.hpp:101:12:[m[K [01;36m[Knote: [m[Kcandidate: â€˜[01m[Krclcpp::Node::Node(const string&, const string&, const rclcpp::NodeOptions&)[m[Kâ€™
[1.518s]   101 |   explicit [01;36m[KNode[m[K(
[1.518s]       |            [01;36m[K^~~~[m[K
[1.518s] [01m[K/opt/ros/humble/include/rclcpp/rclcpp/node.hpp:101:12:[m[K [01;36m[Knote: [m[K  candidate expects 3 arguments, 0 provided
[1.518s] [01m[K/opt/ros/humble/include/rclcpp/rclcpp/node.hpp:89:12:[m[K [01;36m[Knote: [m[Kcandidate: â€˜[01m[Krclcpp::Node::Node(const string&, const rclcpp::NodeOptions&)[m[Kâ€™
[1.518s]    89 |   explicit [01;36m[KNode[m[K(
[1.518s]       |            [01;36m[K^~~~[m[K
[1.518s] [01m[K/opt/ros/humble/include/rclcpp/rclcpp/node.hpp:89:12:[m[K [01;36m[Knote: [m[K  candidate expects 2 arguments, 0 provided
[1.555s] gmake[2]: *** [CMakeFiles/twist_pubsub_cpp.dir/build.make:76: CMakeFiles/twist_pubsub_cpp.dir/src/twist_pub_sub.cpp.o] Error 1
[1.555s] gmake[1]: *** [CMakeFiles/Makefile2:221: CMakeFiles/twist_pubsub_cpp.dir/all] Error 2
[1.555s] gmake: *** [Makefile:146: all] Error 2
[1.556s] Invoked command in '/home/devam/bumperbot_ws/build/bumperbot_cpp_examples' returned '2': CMAKE_PREFIX_PATH=${CMAKE_PREFIX_PATH}:/home/devam/bumperbot_ws/install/bumperbot_py_examples:/opt/ros/humble /usr/bin/cmake --build /home/devam/bumperbot_ws/build/bumperbot_cpp_examples -- -j24 -l24
