-- Found ament_cmake: 1.3.11 (/opt/ros/humble/share/ament_cmake/cmake)
-- Override CMake install command with custom implementation using symlinks instead of copying resources
-- Found rclcpp: 16.0.11 (/opt/ros/humble/share/rclcpp/cmake)
-- Found rosidl_generator_c: 3.1.6 (/opt/ros/humble/share/rosidl_generator_c/cmake)
-- Found rosidl_adapter: 3.1.6 (/opt/ros/humble/share/rosidl_adapter/cmake)
-- Found rosidl_generator_cpp: 3.1.6 (/opt/ros/humble/share/rosidl_generator_cpp/cmake)
-- Using all available rosidl_typesupport_c: rosidl_typesupport_fastrtps_c;rosidl_typesupport_introspection_c
-- Using all available rosidl_typesupport_cpp: rosidl_typesupport_fastrtps_cpp;rosidl_typesupport_introspection_cpp
-- Found rmw_implementation_cmake: 6.1.2 (/opt/ros/humble/share/rmw_implementation_cmake/cmake)
-- Found rmw_fastrtps_cpp: 6.2.7 (/opt/ros/humble/share/rmw_fastrtps_cpp/cmake)
-- Using RMW implementation 'rmw_fastrtps_cpp' as default
-- Found ament_lint_auto: 0.12.11 (/opt/ros/humble/share/ament_lint_auto/cmake)
-- Added test 'cppcheck' to perform static code analysis on C / C++ code
-- Configured cppcheck include dirs: 
-- Configured cppcheck exclude dirs and/or files: 
-- Added test 'lint_cmake' to check CMake code style
-- Added test 'uncrustify' to check C / C++ code style
-- Configured uncrustify additional arguments: 
-- Added test 'xmllint' to check XML markup files
-- Configuring done
-- Generating done
-- Build files have been written to: /home/devam/bumperbot_ws/build/bumperbot_cpp_examples
[ 50%] [32mBuilding CXX object CMakeFiles/simple_publisher_cpp.dir/src/simple_publisher.cpp.o[0m
[01m[K/home/devam/bumperbot_ws/src/bumperbot_cpp_examples/src/simple_publisher.cpp:[m[K In member function â€˜[01m[Kvoid SimplePublisher::timerCallback()[m[Kâ€™:
[01m[K/home/devam/bumperbot_ws/src/bumperbot_cpp_examples/src/simple_publisher.cpp:26:70:[m[K [01;31m[Kerror: [m[Kâ€˜[01m[Kcounter_[m[Kâ€™ was not declared in this scope; did you mean â€˜[01m[Kcounter[m[Kâ€™?
   26 |             message.data = "Hello ROS2 - counter: " + std::to_string([01;31m[Kcounter_[m[K++);
      |                                                                      [01;31m[K^~~~~~~~[m[K
      |                                                                      [32m[Kcounter[m[K
[01m[K/home/devam/bumperbot_ws/src/bumperbot_cpp_examples/src/simple_publisher.cpp:28:19:[m[K [01;31m[Kerror: [m[Kâ€˜[01m[Kusing element_type = class rclcpp::Publisher<std_msgs::msg::String_<std::allocator<void> > >[m[Kâ€™ {aka â€˜[01m[Kclass rclcpp::Publisher<std_msgs::msg::String_<std::allocator<void> > >[m[Kâ€™} has no member named â€˜[01m[Kpublsih[m[Kâ€™; did you mean â€˜[01m[Kpublish[m[Kâ€™?
   28 |             pub_->[01;31m[Kpublsih[m[K(message);
      |                   [01;31m[K^~~~~~~[m[K
      |                   [32m[Kpublish[m[K
[01m[K/home/devam/bumperbot_ws/src/bumperbot_cpp_examples/src/simple_publisher.cpp:[m[K At global scope:
[01m[K/home/devam/bumperbot_ws/src/bumperbot_cpp_examples/src/simple_publisher.cpp:32:5:[m[K [01;35m[Kwarning: [m[Ksecond argument of â€˜[01m[Kint main(int, char*)[m[Kâ€™ should be â€˜[01m[Kchar **[m[Kâ€™ [[01;35m[K]8;;https://gcc.gnu.org/onlinedocs/gcc/Warning-Options.html#index-Wmain-Wmain]8;;[m[K]
   32 | int [01;35m[Kmain[m[K(int argc, char* argv)
      |     [01;35m[K^~~~[m[K
[01m[K/home/devam/bumperbot_ws/src/bumperbot_cpp_examples/src/simple_publisher.cpp:[m[K In function â€˜[01m[Kint main(int, char*)[m[Kâ€™:
[01m[K/home/devam/bumperbot_ws/src/bumperbot_cpp_examples/src/simple_publisher.cpp:34:13:[m[K [01;31m[Kerror: [m[Kexpected unqualified-id before â€˜[01m[Kint[m[Kâ€™
   34 |     rclcpp::[01;31m[Kint[m[K(argc,argv);
      |             [01;31m[K^~~[m[K
[01m[K/home/devam/bumperbot_ws/src/bumperbot_cpp_examples/src/simple_publisher.cpp:32:14:[m[K [01;35m[Kwarning: [m[Kunused parameter â€˜[01m[Kargc[m[Kâ€™ [[01;35m[K]8;;https://gcc.gnu.org/onlinedocs/gcc/Warning-Options.html#index-Wunused-parameter-Wunused-parameter]8;;[m[K]
   32 | int main([01;35m[Kint argc[m[K, char* argv)
      |          [01;35m[K~~~~^~~~[m[K
[01m[K/home/devam/bumperbot_ws/src/bumperbot_cpp_examples/src/simple_publisher.cpp:32:26:[m[K [01;35m[Kwarning: [m[Kunused parameter â€˜[01m[Kargv[m[Kâ€™ [[01;35m[K]8;;https://gcc.gnu.org/onlinedocs/gcc/Warning-Options.html#index-Wunused-parameter-Wunused-parameter]8;;[m[K]
   32 | int main(int argc, [01;35m[Kchar* argv[m[K)
      |                    [01;35m[K~~~~~~^~~~[m[K
gmake[2]: *** [CMakeFiles/simple_publisher_cpp.dir/build.make:76: CMakeFiles/simple_publisher_cpp.dir/src/simple_publisher.cpp.o] Error 1
gmake[1]: *** [CMakeFiles/Makefile2:137: CMakeFiles/simple_publisher_cpp.dir/all] Error 2
gmake: *** [Makefile:146: all] Error 2
