[35m[1mConsolidate compiler generated dependencies of target simple_tf_kinematics[0m
[ 16%] Built target twist_pubsub_cpp
[ 33%] Built target simple_publisher_cpp
[ 41%] [32mBuilding CXX object CMakeFiles/simple_tf_kinematics.dir/src/simple_tf_kinematics.cpp.o[0m
[ 58%] Built target simple_subscriber_cpp
[ 75%] Built target turtle_ref_pose
[ 91%] Built target twist_publisher_cpp
[01m[K/home/devam/bumperbot_ws/src/bumperbot_cpp_examples/src/simple_tf_kinematics.cpp:[m[K In constructor â€˜[01m[KSimpleTFKinematics::SimpleTFKinematics(const string&)[m[Kâ€™:
[01m[K/home/devam/bumperbot_ws/src/bumperbot_cpp_examples/src/simple_tf_kinematics.cpp:8:5:[m[K [01;31m[Kerror: [m[Kâ€˜[01m[Kstatic_tf_broadcaster_stamped[m[Kâ€™ was not declared in this scope; did you mean â€˜[01m[Kstatic_tf_broadcaster[m[Kâ€™?
    8 |     [01;31m[Kstatic_tf_broadcaster_stamped[m[K.header.stamp = get_clock()->now();
      |     [01;31m[K^~~~~~~~~~~~~~~~~~~~~~~~~~~~~[m[K
      |     [32m[Kstatic_tf_broadcaster[m[K
[01m[K/home/devam/bumperbot_ws/src/bumperbot_cpp_examples/src/simple_tf_kinematics.cpp:11:5:[m[K [01;31m[Kerror: [m[Kâ€˜[01m[Kstatic_tf_stamped[m[Kâ€™ was not declared in this scope; did you mean â€˜[01m[Kstatic_transfrom_stamped[m[Kâ€™?
   11 |     [01;31m[Kstatic_tf_stamped[m[K.transform.translation.x = 0.0;
      |     [01;31m[K^~~~~~~~~~~~~~~~~[m[K
      |     [32m[Kstatic_transfrom_stamped[m[K
gmake[2]: *** [CMakeFiles/simple_tf_kinematics.dir/build.make:76: CMakeFiles/simple_tf_kinematics.dir/src/simple_tf_kinematics.cpp.o] Error 1
gmake[1]: *** [CMakeFiles/Makefile2:277: CMakeFiles/simple_tf_kinematics.dir/all] Error 2
gmake: *** [Makefile:146: all] Error 2
