[0.013s] Invoking command in '/home/devam/bumperbot_ws/build/bumperbot_cpp_examples': CMAKE_PREFIX_PATH=${CMAKE_PREFIX_PATH}:/home/devam/bumperbot_ws/install/bumperbot_py_examples:/opt/ros/humble /usr/bin/cmake --build /home/devam/bumperbot_ws/build/bumperbot_cpp_examples -- -j24 -l24
[0.040s] [35m[1mConsolidate compiler generated dependencies of target simple_tf_kinematics[0m
[0.047s] [ 16%] Built target twist_pubsub_cpp
[0.048s] [ 33%] Built target simple_publisher_cpp
[0.048s] [ 41%] [32mBuilding CXX object CMakeFiles/simple_tf_kinematics.dir/src/simple_tf_kinematics.cpp.o[0m
[0.048s] [ 58%] Built target simple_subscriber_cpp
[0.049s] [ 75%] Built target turtle_ref_pose
[0.049s] [ 91%] Built target twist_publisher_cpp
[1.256s] [01m[K/home/devam/bumperbot_ws/src/bumperbot_cpp_examples/src/simple_tf_kinematics.cpp:[m[K In constructor â€˜[01m[KSimpleTFKinematics::SimpleTFKinematics(const string&)[m[Kâ€™:
[1.256s] [01m[K/home/devam/bumperbot_ws/src/bumperbot_cpp_examples/src/simple_tf_kinematics.cpp:8:5:[m[K [01;31m[Kerror: [m[Kâ€˜[01m[Kstatic_tf_broadcaster_stamped[m[Kâ€™ was not declared in this scope; did you mean â€˜[01m[Kstatic_tf_broadcaster[m[Kâ€™?
[1.257s]     8 |     [01;31m[Kstatic_tf_broadcaster_stamped[m[K.header.stamp = get_clock()->now();
[1.257s]       |     [01;31m[K^~~~~~~~~~~~~~~~~~~~~~~~~~~~~[m[K
[1.257s]       |     [32m[Kstatic_tf_broadcaster[m[K
[1.261s] [01m[K/home/devam/bumperbot_ws/src/bumperbot_cpp_examples/src/simple_tf_kinematics.cpp:11:5:[m[K [01;31m[Kerror: [m[Kâ€˜[01m[Kstatic_tf_stamped[m[Kâ€™ was not declared in this scope; did you mean â€˜[01m[Kstatic_transfrom_stamped[m[Kâ€™?
[1.261s]    11 |     [01;31m[Kstatic_tf_stamped[m[K.transform.translation.x = 0.0;
[1.261s]       |     [01;31m[K^~~~~~~~~~~~~~~~~[m[K
[1.261s]       |     [32m[Kstatic_transfrom_stamped[m[K
[1.648s] gmake[2]: *** [CMakeFiles/simple_tf_kinematics.dir/build.make:76: CMakeFiles/simple_tf_kinematics.dir/src/simple_tf_kinematics.cpp.o] Error 1
[1.649s] gmake[1]: *** [CMakeFiles/Makefile2:277: CMakeFiles/simple_tf_kinematics.dir/all] Error 2
[1.649s] gmake: *** [Makefile:146: all] Error 2
[1.650s] Invoked command in '/home/devam/bumperbot_ws/build/bumperbot_cpp_examples' returned '2': CMAKE_PREFIX_PATH=${CMAKE_PREFIX_PATH}:/home/devam/bumperbot_ws/install/bumperbot_py_examples:/opt/ros/humble /usr/bin/cmake --build /home/devam/bumperbot_ws/build/bumperbot_cpp_examples -- -j24 -l24
