[  0%] Built target ament_cmake_python_copy_bumperbot_controller
[ 50%] [32mBuilding CXX object CMakeFiles/simple_controller.dir/src/simple_controller.cpp.o[0m
running egg_info
writing bumperbot_controller.egg-info/PKG-INFO
writing dependency_links to bumperbot_controller.egg-info/dependency_links.txt
writing top-level names to bumperbot_controller.egg-info/top_level.txt
reading manifest file 'bumperbot_controller.egg-info/SOURCES.txt'
writing manifest file 'bumperbot_controller.egg-info/SOURCES.txt'
[ 50%] Built target ament_cmake_python_build_bumperbot_controller_egg
[01m[K/home/devam/bumperbot_ws/src/bumperbot_controller/src/simple_controller.cpp:[m[K In constructor â€˜[01m[KSimpleController::SimpleController(const string&)[m[Kâ€™:
[01m[K/home/devam/bumperbot_ws/src/bumperbot_controller/src/simple_controller.cpp:6:115:[m[K [01;31m[Kerror: [m[Kclass â€˜[01m[KSimpleController[m[Kâ€™ does not have any field named â€˜[01m[Kx_prev[m[Kâ€™
    6 | SimpleController::SimpleController(const std::string &name) : Node(name),left_prev_pose(0.0),right_prev_pose(0.0),[01;31m[Kx_prev[m[K(0.0),y_prev(0.0)
      |                                                                                                                   [01;31m[K^~~~~~[m[K
[01m[K/home/devam/bumperbot_ws/src/bumperbot_controller/src/simple_controller.cpp:6:127:[m[K [01;31m[Kerror: [m[Kclass â€˜[01m[KSimpleController[m[Kâ€™ does not have any field named â€˜[01m[Ky_prev[m[Kâ€™
    6 | SimpleController::SimpleController(const std::string &name) : Node(name),left_prev_pose(0.0),right_prev_pose(0.0),x_prev(0.0),[01;31m[Ky_prev[m[K(0.0)
      |                                                                                                                               [01;31m[K^~~~~~[m[K
gmake[2]: *** [CMakeFiles/simple_controller.dir/build.make:76: CMakeFiles/simple_controller.dir/src/simple_controller.cpp.o] Error 1
gmake[1]: *** [CMakeFiles/Makefile2:192: CMakeFiles/simple_controller.dir/all] Error 2
gmake: *** [Makefile:146: all] Error 2
