[0.015s] Invoking command in '/home/devam/bumperbot_ws/build/bumperbot_controller': CMAKE_PREFIX_PATH=${CMAKE_PREFIX_PATH}:/home/devam/bumperbot_ws/install/bumperbot_py_examples:/opt/ros/humble /usr/bin/cmake --build /home/devam/bumperbot_ws/build/bumperbot_controller -- -j24 -l24
[0.051s] [  0%] Built target ament_cmake_python_copy_bumperbot_controller
[0.057s] [ 50%] [32mBuilding CXX object CMakeFiles/simple_controller.dir/src/simple_controller.cpp.o[0m
[0.295s] running egg_info
[0.304s] writing bumperbot_controller.egg-info/PKG-INFO
[0.304s] writing dependency_links to bumperbot_controller.egg-info/dependency_links.txt
[0.304s] writing top-level names to bumperbot_controller.egg-info/top_level.txt
[0.337s] reading manifest file 'bumperbot_controller.egg-info/SOURCES.txt'
[0.338s] writing manifest file 'bumperbot_controller.egg-info/SOURCES.txt'
[0.368s] [ 50%] Built target ament_cmake_python_build_bumperbot_controller_egg
[1.712s] [01m[K/home/devam/bumperbot_ws/src/bumperbot_controller/src/simple_controller.cpp:[m[K In constructor â€˜[01m[KSimpleController::SimpleController(const string&)[m[Kâ€™:
[1.712s] [01m[K/home/devam/bumperbot_ws/src/bumperbot_controller/src/simple_controller.cpp:6:115:[m[K [01;31m[Kerror: [m[Kclass â€˜[01m[KSimpleController[m[Kâ€™ does not have any field named â€˜[01m[Kx_prev[m[Kâ€™
[1.712s]     6 | SimpleController::SimpleController(const std::string &name) : Node(name),left_prev_pose(0.0),right_prev_pose(0.0),[01;31m[Kx_prev[m[K(0.0),y_prev(0.0)
[1.712s]       |                                                                                                                   [01;31m[K^~~~~~[m[K
[1.712s] [01m[K/home/devam/bumperbot_ws/src/bumperbot_controller/src/simple_controller.cpp:6:127:[m[K [01;31m[Kerror: [m[Kclass â€˜[01m[KSimpleController[m[Kâ€™ does not have any field named â€˜[01m[Ky_prev[m[Kâ€™
[1.712s]     6 | SimpleController::SimpleController(const std::string &name) : Node(name),left_prev_pose(0.0),right_prev_pose(0.0),x_prev(0.0),[01;31m[Ky_prev[m[K(0.0)
[1.712s]       |                                                                                                                               [01;31m[K^~~~~~[m[K
[3.661s] gmake[2]: *** [CMakeFiles/simple_controller.dir/build.make:76: CMakeFiles/simple_controller.dir/src/simple_controller.cpp.o] Error 1
[3.661s] gmake[1]: *** [CMakeFiles/Makefile2:192: CMakeFiles/simple_controller.dir/all] Error 2
[3.661s] gmake: *** [Makefile:146: all] Error 2
[3.663s] Invoked command in '/home/devam/bumperbot_ws/build/bumperbot_controller' returned '2': CMAKE_PREFIX_PATH=${CMAKE_PREFIX_PATH}:/home/devam/bumperbot_ws/install/bumperbot_py_examples:/opt/ros/humble /usr/bin/cmake --build /home/devam/bumperbot_ws/build/bumperbot_controller -- -j24 -l24
