[0.016s] Invoking command in '/home/devam/bumperbot_ws/build/bumperbot_controller': CMAKE_PREFIX_PATH=${CMAKE_PREFIX_PATH}:/home/devam/bumperbot_ws/install/bumperbot_py_examples:/opt/ros/humble /usr/bin/cmake --build /home/devam/bumperbot_ws/build/bumperbot_controller -- -j24 -l24
[0.045s] [35m[1mConsolidate compiler generated dependencies of target noisy_controller[0m
[0.053s] [ 50%] Built target simple_controller
[0.057s] [ 75%] [32mBuilding CXX object CMakeFiles/noisy_controller.dir/src/noisy_controller.cpp.o[0m
[0.058s] [ 75%] Built target ament_cmake_python_copy_bumperbot_controller
[0.252s] running egg_info
[0.258s] writing bumperbot_controller.egg-info/PKG-INFO
[0.258s] writing dependency_links to bumperbot_controller.egg-info/dependency_links.txt
[0.258s] writing top-level names to bumperbot_controller.egg-info/top_level.txt
[0.289s] reading manifest file 'bumperbot_controller.egg-info/SOURCES.txt'
[0.289s] writing manifest file 'bumperbot_controller.egg-info/SOURCES.txt'
[0.319s] [ 75%] Built target ament_cmake_python_build_bumperbot_controller_egg
[1.311s] In file included from [01m[K/home/devam/bumperbot_ws/src/bumperbot_controller/src/noisy_controller.cpp:1[m[K:
[1.311s] [01m[K/home/devam/bumperbot_ws/src/bumperbot_controller/include/bumperbot_controller/noisy_controller.hpp:19:46:[m[K [01;31m[Kerror: [m[Kâ€˜[01m[KTwistStamped[m[Kâ€™ in namespace â€˜[01m[Kgeometry_msgs::msg[m[Kâ€™ does not name a type
[1.311s]    19 |         void velCb(const geometry_msgs::msg::[01;31m[KTwistStamped[m[K &msg);
[1.311s]       |                                              [01;31m[K^~~~~~~~~~~~[m[K
[1.333s] [01m[K/home/devam/bumperbot_ws/src/bumperbot_controller/include/bumperbot_controller/noisy_controller.hpp:28:9:[m[K [01;31m[Kerror: [m[Kâ€˜[01m[KEigen[m[Kâ€™ does not name a type
[1.333s]    28 |         [01;31m[KEigen[m[K::Matrix2d speed_conversion;
[1.333s]       |         [01;31m[K^~~~~[m[K
[2.722s] gmake[2]: *** [CMakeFiles/noisy_controller.dir/build.make:76: CMakeFiles/noisy_controller.dir/src/noisy_controller.cpp.o] Error 1
[2.722s] gmake[1]: *** [CMakeFiles/Makefile2:220: CMakeFiles/noisy_controller.dir/all] Error 2
[2.722s] gmake: *** [Makefile:146: all] Error 2
[2.724s] Invoked command in '/home/devam/bumperbot_ws/build/bumperbot_controller' returned '2': CMAKE_PREFIX_PATH=${CMAKE_PREFIX_PATH}:/home/devam/bumperbot_ws/install/bumperbot_py_examples:/opt/ros/humble /usr/bin/cmake --build /home/devam/bumperbot_ws/build/bumperbot_controller -- -j24 -l24
