[01m[K/home/devam/bumperbot_ws/src/bumperbot_cpp_examples/src/twist_publisher.cpp:4:10:[m[K [01;31m[Kfatal error: [m[Kchrono.hpp: No such file or directory
    4 | #include [01;31m[K<chrono.hpp>[m[K
      |          [01;31m[K^~~~~~~~~~~~[m[K
compilation terminated.
gmake[2]: *** [CMakeFiles/twist_publisher_cpp.dir/build.make:76: CMakeFiles/twist_publisher_cpp.dir/src/twist_publisher.cpp.o] Error 1
gmake[1]: *** [CMakeFiles/Makefile2:167: CMakeFiles/twist_publisher_cpp.dir/all] Error 2
gmake: *** [Makefile:146: all] Error 2
