[0.019s] Invoking command in '/home/devam/bumperbot_ws/build/bumperbot_controller': CMAKE_PREFIX_PATH=${CMAKE_PREFIX_PATH}:/home/devam/bumperbot_ws/install/bumperbot_py_examples:/opt/ros/humble /usr/bin/cmake --build /home/devam/bumperbot_ws/build/bumperbot_controller -- -j24 -l24
[0.047s] [35m[1mConsolidate compiler generated dependencies of target simple_controller[0m
[0.057s] [  0%] Built target ament_cmake_python_copy_bumperbot_controller
[0.062s] [ 50%] [32mBuilding CXX object CMakeFiles/simple_controller.dir/src/simple_controller.cpp.o[0m
[0.274s] running egg_info
[0.283s] writing bumperbot_controller.egg-info/PKG-INFO
[0.283s] writing dependency_links to bumperbot_controller.egg-info/dependency_links.txt
[0.283s] writing top-level names to bumperbot_controller.egg-info/top_level.txt
[0.315s] reading manifest file 'bumperbot_controller.egg-info/SOURCES.txt'
[0.315s] writing manifest file 'bumperbot_controller.egg-info/SOURCES.txt'
[0.347s] [ 50%] Built target ament_cmake_python_build_bumperbot_controller_egg
[1.661s] [01m[K/home/devam/bumperbot_ws/src/bumperbot_controller/src/simple_controller.cpp:[m[K In constructor â€˜[01m[KSimpleController::SimpleController(const string&)[m[Kâ€™:
[1.661s] [01m[K/home/devam/bumperbot_ws/src/bumperbot_controller/src/simple_controller.cpp:26:51:[m[K [01;31m[Kerror: [m[Kexpected â€˜[01m[K;[m[Kâ€™ before â€˜[01m[Kprev_time[m[Kâ€™
[1.661s]    26 |     std::bind(&SimpleController::jointCb,this,_1))
[1.661s]       |                                                   [01;31m[K^[m[K
[1.661s]       |                                                   [32m[K;[m[K
[1.661s]    27 | 
[1.661s]    28 |     [32m[Kprev_time[m[K = get_clock()->now();
[1.661s]       |     [32m[K~~~~~~~~~[m[K                                      
[3.596s] gmake[2]: *** [CMakeFiles/simple_controller.dir/build.make:76: CMakeFiles/simple_controller.dir/src/simple_controller.cpp.o] Error 1
[3.596s] gmake[1]: *** [CMakeFiles/Makefile2:192: CMakeFiles/simple_controller.dir/all] Error 2
[3.596s] gmake: *** [Makefile:146: all] Error 2
[3.598s] Invoked command in '/home/devam/bumperbot_ws/build/bumperbot_controller' returned '2': CMAKE_PREFIX_PATH=${CMAKE_PREFIX_PATH}:/home/devam/bumperbot_ws/install/bumperbot_py_examples:/opt/ros/humble /usr/bin/cmake --build /home/devam/bumperbot_ws/build/bumperbot_controller -- -j24 -l24
