[35m[1mConsolidate compiler generated dependencies of target twist_publisher_cpp[0m
[ 66%] Built target simple_publisher_cpp
[ 66%] Built target simple_subscriber_cpp
[ 83%] [32mBuilding CXX object CMakeFiles/twist_publisher_cpp.dir/src/twist_publisher.cpp.o[0m
[01m[K/home/devam/bumperbot_ws/src/bumperbot_cpp_examples/src/twist_publisher.cpp:[m[K In member function â€˜[01m[Kvoid TwistPublisher::timerCallback()[m[Kâ€™:
[01m[K/home/devam/bumperbot_ws/src/bumperbot_cpp_examples/src/twist_publisher.cpp:28:32:[m[K [01;31m[Kerror: [m[Kâ€˜[01m[Kb[m[Kâ€™ was not declared in this scope
   28 |             message.linear.y = [01;31m[Kb[m[K;
      |                                [01;31m[K^[m[K
[01m[K/home/devam/bumperbot_ws/src/bumperbot_cpp_examples/src/twist_publisher.cpp:29:33:[m[K [01;31m[Kerror: [m[Kâ€˜[01m[Kc[m[Kâ€™ was not declared in this scope
   29 |             message.angular.z = [01;31m[Kc[m[K;
      |                                 [01;31m[K^[m[K
gmake[2]: *** [CMakeFiles/twist_publisher_cpp.dir/build.make:76: CMakeFiles/twist_publisher_cpp.dir/src/twist_publisher.cpp.o] Error 1
gmake[1]: *** [CMakeFiles/Makefile2:167: CMakeFiles/twist_publisher_cpp.dir/all] Error 2
gmake: *** [Makefile:146: all] Error 2
