[0.008s] Invoking command in '/home/devam/bumperbot_ws/build/bumperbot_cpp_examples': CMAKE_PREFIX_PATH=${CMAKE_PREFIX_PATH}:/home/devam/bumperbot_ws/install/bumperbot_py_examples:/opt/ros/humble /usr/bin/cmake --build /home/devam/bumperbot_ws/build/bumperbot_cpp_examples -- -j24 -l24
[0.042s] [35m[1mConsolidate compiler generated dependencies of target twist_publisher_cpp[0m
[0.049s] [ 66%] Built target simple_publisher_cpp
[0.049s] [ 66%] Built target simple_subscriber_cpp
[0.055s] [ 83%] [32mBuilding CXX object CMakeFiles/twist_publisher_cpp.dir/src/twist_publisher.cpp.o[0m
[1.318s] [01m[K/home/devam/bumperbot_ws/src/bumperbot_cpp_examples/src/twist_publisher.cpp:[m[K In member function â€˜[01m[Kvoid TwistPublisher::timerCallback()[m[Kâ€™:
[1.319s] [01m[K/home/devam/bumperbot_ws/src/bumperbot_cpp_examples/src/twist_publisher.cpp:28:32:[m[K [01;31m[Kerror: [m[Kâ€˜[01m[Kb[m[Kâ€™ was not declared in this scope
[1.319s]    28 |             message.linear.y = [01;31m[Kb[m[K;
[1.319s]       |                                [01;31m[K^[m[K
[1.321s] [01m[K/home/devam/bumperbot_ws/src/bumperbot_cpp_examples/src/twist_publisher.cpp:29:33:[m[K [01;31m[Kerror: [m[Kâ€˜[01m[Kc[m[Kâ€™ was not declared in this scope
[1.321s]    29 |             message.angular.z = [01;31m[Kc[m[K;
[1.321s]       |                                 [01;31m[K^[m[K
[1.755s] gmake[2]: *** [CMakeFiles/twist_publisher_cpp.dir/build.make:76: CMakeFiles/twist_publisher_cpp.dir/src/twist_publisher.cpp.o] Error 1
[1.755s] gmake[1]: *** [CMakeFiles/Makefile2:167: CMakeFiles/twist_publisher_cpp.dir/all] Error 2
[1.755s] gmake: *** [Makefile:146: all] Error 2
[1.757s] Invoked command in '/home/devam/bumperbot_ws/build/bumperbot_cpp_examples' returned '2': CMAKE_PREFIX_PATH=${CMAKE_PREFIX_PATH}:/home/devam/bumperbot_ws/install/bumperbot_py_examples:/opt/ros/humble /usr/bin/cmake --build /home/devam/bumperbot_ws/build/bumperbot_cpp_examples -- -j24 -l24
